# JRE version: OpenJDK Runtime Environment Temurin-17.0.13+11 (17.0.13+11) (build 17.0.13+11)
# Java VM: OpenJDK 64-Bit Server VM Temurin-17.0.13+11 (17.0.13+11, mixed mode, tiered, compressed oops, compressed class ptrs, parallel gc, windows-amd64)
GC Precious Log:
 CPUs: 16 total, 16 available
 Memory: 16236M
 Large Page Support: Disabled
 NUMA Support: Disabled
 Compressed Oops: Enabled (32-bit)
 Alignments: Space 512K, Generation 512K, Heap 2M
 Heap Min Capacity: 100M
 Heap Initial Capacity: 100M
 Heap Max Capacity: 1G
 Pre-touch: Disabled
 Parallel Workers: 13
Heap:
 PSYoungGen      total 11264K, used 8926K [0x00000000eab00000, 0x00000000eb780000, 0x0000000100000000)
  eden space 9728K, 77% used [0x00000000eab00000,0x00000000eb25b9d8,0x00000000eb480000)
  from space 1536K, 90% used [0x00000000eb480000,0x00000000eb5dc010,0x00000000eb600000)
  to   space 1536K, 0% used [0x00000000eb600000,0x00000000eb600000,0x00000000eb780000)
 ParOldGen       total 271872K, used 268543K [0x00000000c0000000, 0x00000000d0980000, 0x00000000eab00000)
  object space 271872K, 98% used [0x00000000c0000000,0x00000000d063fe20,0x00000000d0980000)
 Metaspace       used 83613K, committed 85056K, reserved 1179648K
  class space    used 8527K, committed 9152K, reserved 1048576K
GC Heap History (20 events):
Event: 20.942 GC heap before
{Heap before GC invocations=517 (full 18):
 PSYoungGen      total 8192K, used 8032K [0x00000000eab00000, 0x00000000eb500000, 0x0000000100000000)
  eden space 6656K, 100% used [0x00000000eab00000,0x00000000eb180000,0x00000000eb180000)
  from space 1536K, 89% used [0x00000000eb300000,0x00000000eb458000,0x00000000eb480000)
  to   space 1536K, 0% used [0x00000000eb180000,0x00000000eb180000,0x00000000eb300000)
 ParOldGen       total 271872K, used 253231K [0x00000000c0000000, 0x00000000d0980000, 0x00000000eab00000)
  object space 271872K, 93% used [0x00000000c0000000,0x00000000cf74bcf8,0x00000000d0980000)
 Metaspace       used 83565K, committed 84992K, reserved 1179648K
  class space    used 8527K, committed 9152K, reserved 1048576K
}
Event: 20.943 GC heap after
{Heap after GC invocations=517 (full 18):
 PSYoungGen      total 8192K, used 1376K [0x00000000eab00000, 0x00000000eb580000, 0x0000000100000000)
  eden space 6656K, 0% used [0x00000000eab00000,0x00000000eab00000,0x00000000eb180000)
  from space 1536K, 89% used [0x00000000eb180000,0x00000000eb2d8000,0x00000000eb300000)
  to   space 1536K, 0% used [0x00000000eb400000,0x00000000eb400000,0x00000000eb580000)
 ParOldGen       total 271872K, used 254415K [0x00000000c0000000, 0x00000000d0980000, 0x00000000eab00000)
  object space 271872K, 93% used [0x00000000c0000000,0x00000000cf873cf8,0x00000000d0980000)
 Metaspace       used 83565K, committed 84992K, reserved 1179648K
  class space    used 8527K, committed 9152K, reserved 1048576K
}
Event: 21.020 GC heap before
{Heap before GC invocations=518 (full 18):
 PSYoungGen      total 8192K, used 8032K [0x00000000eab00000, 0x00000000eb580000, 0x0000000100000000)
  eden space 6656K, 100% used [0x00000000eab00000,0x00000000eb180000,0x00000000eb180000)
  from space 1536K, 89% used [0x00000000eb180000,0x00000000eb2d8000,0x00000000eb300000)
  to   space 1536K, 0% used [0x00000000eb400000,0x00000000eb400000,0x00000000eb580000)
 ParOldGen       total 271872K, used 257871K [0x00000000c0000000, 0x00000000d0980000, 0x00000000eab00000)
  object space 271872K, 94% used [0x00000000c0000000,0x00000000cfbd3d00,0x00000000d0980000)
 Metaspace       used 83569K, committed 84992K, reserved 1179648K
  class space    used 8527K, committed 9152K, reserved 1048576K
}
Event: 21.022 GC heap after
{Heap after GC invocations=518 (full 18):
 PSYoungGen      total 8192K, used 1376K [0x00000000eab00000, 0x00000000eb580000, 0x0000000100000000)
  eden space 6656K, 0% used [0x00000000eab00000,0x00000000eab00000,0x00000000eb180000)
  from space 1536K, 89% used [0x00000000eb400000,0x00000000eb558000,0x00000000eb580000)
  to   space 1536K, 0% used [0x00000000eb180000,0x00000000eb180000,0x00000000eb300000)
 ParOldGen       total 271872K, used 259119K [0x00000000c0000000, 0x00000000d0980000, 0x00000000eab00000)
  object space 271872K, 95% used [0x00000000c0000000,0x00000000cfd0bd00,0x00000000d0980000)
 Metaspace       used 83569K, committed 84992K, reserved 1179648K
  class space    used 8527K, committed 9152K, reserved 1048576K
}
Event: 21.037 GC heap before
{Heap before GC invocations=519 (full 18):
 PSYoungGen      total 8192K, used 8032K [0x00000000eab00000, 0x00000000eb580000, 0x0000000100000000)
  eden space 6656K, 100% used [0x00000000eab00000,0x00000000eb180000,0x00000000eb180000)
  from space 1536K, 89% used [0x00000000eb400000,0x00000000eb558000,0x00000000eb580000)
  to   space 1536K, 0% used [0x00000000eb180000,0x00000000eb180000,0x00000000eb300000)
 ParOldGen       total 271872K, used 259119K [0x00000000c0000000, 0x00000000d0980000, 0x00000000eab00000)
  object space 271872K, 95% used [0x00000000c0000000,0x00000000cfd0bd00,0x00000000d0980000)
 Metaspace       used 83569K, committed 84992K, reserved 1179648K
  class space    used 8527K, committed 9152K, reserved 1048576K
}
Event: 21.039 GC heap after
{Heap after GC invocations=519 (full 18):
 PSYoungGen      total 8192K, used 1120K [0x00000000eab00000, 0x00000000eb480000, 0x0000000100000000)
  eden space 6656K, 0% used [0x00000000eab00000,0x00000000eab00000,0x00000000eb180000)
  from space 1536K, 72% used [0x00000000eb180000,0x00000000eb298000,0x00000000eb300000)
  to   space 1536K, 0% used [0x00000000eb300000,0x00000000eb300000,0x00000000eb480000)
 ParOldGen       total 271872K, used 260319K [0x00000000c0000000, 0x00000000d0980000, 0x00000000eab00000)
  object space 271872K, 95% used [0x00000000c0000000,0x00000000cfe37d00,0x00000000d0980000)
 Metaspace       used 83569K, committed 84992K, reserved 1179648K
  class space    used 8527K, committed 9152K, reserved 1048576K
}
Event: 21.055 GC heap before
{Heap before GC invocations=520 (full 18):
 PSYoungGen      total 8192K, used 7776K [0x00000000eab00000, 0x00000000eb480000, 0x0000000100000000)
  eden space 6656K, 100% used [0x00000000eab00000,0x00000000eb180000,0x00000000eb180000)
  from space 1536K, 72% used [0x00000000eb180000,0x00000000eb298000,0x00000000eb300000)
  to   space 1536K, 0% used [0x00000000eb300000,0x00000000eb300000,0x00000000eb480000)
 ParOldGen       total 271872K, used 260319K [0x00000000c0000000, 0x00000000d0980000, 0x00000000eab00000)
  object space 271872K, 95% used [0x00000000c0000000,0x00000000cfe37d00,0x00000000d0980000)
 Metaspace       used 83569K, committed 84992K, reserved 1179648K
  class space    used 8527K, committed 9152K, reserved 1048576K
}
Event: 21.058 GC heap after
{Heap after GC invocations=520 (full 18):
 PSYoungGen      total 7680K, used 1536K [0x00000000eab00000, 0x00000000eb680000, 0x0000000100000000)
  eden space 6144K, 0% used [0x00000000eab00000,0x00000000eab00000,0x00000000eb100000)
  from space 1536K, 100% used [0x00000000eb300000,0x00000000eb480000,0x00000000eb480000)
  to   space 2048K, 0% used [0x00000000eb100000,0x00000000eb100000,0x00000000eb300000)
 ParOldGen       total 271872K, used 261311K [0x00000000c0000000, 0x00000000d0980000, 0x00000000eab00000)
  object space 271872K, 96% used [0x00000000c0000000,0x00000000cff2fd00,0x00000000d0980000)
 Metaspace       used 83569K, committed 84992K, reserved 1179648K
  class space    used 8527K, committed 9152K, reserved 1048576K
}
Event: 21.068 GC heap before
{Heap before GC invocations=521 (full 18):
 PSYoungGen      total 7680K, used 7680K [0x00000000eab00000, 0x00000000eb680000, 0x0000000100000000)
  eden space 6144K, 100% used [0x00000000eab00000,0x00000000eb100000,0x00000000eb100000)
  from space 1536K, 100% used [0x00000000eb300000,0x00000000eb480000,0x00000000eb480000)
  to   space 2048K, 0% used [0x00000000eb100000,0x00000000eb100000,0x00000000eb300000)
 ParOldGen       total 271872K, used 261311K [0x00000000c0000000, 0x00000000d0980000, 0x00000000eab00000)
  object space 271872K, 96% used [0x00000000c0000000,0x00000000cff2fd00,0x00000000d0980000)
 Metaspace       used 83572K, committed 84992K, reserved 1179648K
  class space    used 8527K, committed 9152K, reserved 1048576K
}
Event: 21.070 GC heap after
{Heap after GC invocations=521 (full 18):
 PSYoungGen      total 8192K, used 1044K [0x00000000eab00000, 0x00000000eb500000, 0x0000000100000000)
  eden space 6144K, 0% used [0x00000000eab00000,0x00000000eab00000,0x00000000eb100000)
  from space 2048K, 51% used [0x00000000eb100000,0x00000000eb205200,0x00000000eb300000)
  to   space 1536K, 0% used [0x00000000eb380000,0x00000000eb380000,0x00000000eb500000)
 ParOldGen       total 271872K, used 262624K [0x00000000c0000000, 0x00000000d0980000, 0x00000000eab00000)
  object space 271872K, 96% used [0x00000000c0000000,0x00000000d0078110,0x00000000d0980000)
 Metaspace       used 83572K, committed 84992K, reserved 1179648K
  class space    used 8527K, committed 9152K, reserved 1048576K
}
Event: 21.078 GC heap before
{Heap before GC invocations=522 (full 18):
 PSYoungGen      total 8192K, used 7188K [0x00000000eab00000, 0x00000000eb500000, 0x0000000100000000)
  eden space 6144K, 100% used [0x00000000eab00000,0x00000000eb100000,0x00000000eb100000)
  from space 2048K, 51% used [0x00000000eb100000,0x00000000eb205200,0x00000000eb300000)
  to   space 1536K, 0% used [0x00000000eb380000,0x00000000eb380000,0x00000000eb500000)
 ParOldGen       total 271872K, used 262624K [0x00000000c0000000, 0x00000000d0980000, 0x00000000eab00000)
  object space 271872K, 96% used [0x00000000c0000000,0x00000000d0078110,0x00000000d0980000)
 Metaspace       used 83572K, committed 84992K, reserved 1179648K
  class space    used 8527K, committed 9152K, reserved 1048576K
}
Event: 21.080 GC heap after
{Heap after GC invocations=522 (full 18):
 PSYoungGen      total 8704K, used 1120K [0x00000000eab00000, 0x00000000eb500000, 0x0000000100000000)
  eden space 7168K, 0% used [0x00000000eab00000,0x00000000eab00000,0x00000000eb200000)
  from space 1536K, 72% used [0x00000000eb380000,0x00000000eb498020,0x00000000eb500000)
  to   space 1536K, 0% used [0x00000000eb200000,0x00000000eb200000,0x00000000eb380000)
 ParOldGen       total 271872K, used 263452K [0x00000000c0000000, 0x00000000d0980000, 0x00000000eab00000)
  object space 271872K, 96% used [0x00000000c0000000,0x00000000d0147330,0x00000000d0980000)
 Metaspace       used 83572K, committed 84992K, reserved 1179648K
  class space    used 8527K, committed 9152K, reserved 1048576K
}
Event: 21.090 GC heap before
{Heap before GC invocations=523 (full 18):
 PSYoungGen      total 8704K, used 8288K [0x00000000eab00000, 0x00000000eb500000, 0x0000000100000000)
  eden space 7168K, 100% used [0x00000000eab00000,0x00000000eb200000,0x00000000eb200000)
  from space 1536K, 72% used [0x00000000eb380000,0x00000000eb498020,0x00000000eb500000)
  to   space 1536K, 0% used [0x00000000eb200000,0x00000000eb200000,0x00000000eb380000)
 ParOldGen       total 271872K, used 263452K [0x00000000c0000000, 0x00000000d0980000, 0x00000000eab00000)
  object space 271872K, 96% used [0x00000000c0000000,0x00000000d0147330,0x00000000d0980000)
 Metaspace       used 83572K, committed 84992K, reserved 1179648K
  class space    used 8527K, committed 9152K, reserved 1048576K
}
Event: 21.092 GC heap after
{Heap after GC invocations=523 (full 18):
 PSYoungGen      total 8704K, used 1104K [0x00000000eab00000, 0x00000000eb600000, 0x0000000100000000)
  eden space 7168K, 0% used [0x00000000eab00000,0x00000000eab00000,0x00000000eb200000)
  from space 1536K, 71% used [0x00000000eb200000,0x00000000eb314010,0x00000000eb380000)
  to   space 1536K, 0% used [0x00000000eb480000,0x00000000eb480000,0x00000000eb600000)
 ParOldGen       total 271872K, used 264332K [0x00000000c0000000, 0x00000000d0980000, 0x00000000eab00000)
  object space 271872K, 97% used [0x00000000c0000000,0x00000000d0223350,0x00000000d0980000)
 Metaspace       used 83572K, committed 84992K, reserved 1179648K
  class space    used 8527K, committed 9152K, reserved 1048576K
}
Event: 21.109 GC heap before
{Heap before GC invocations=524 (full 18):
 PSYoungGen      total 8704K, used 8272K [0x00000000eab00000, 0x00000000eb600000, 0x0000000100000000)
  eden space 7168K, 100% used [0x00000000eab00000,0x00000000eb200000,0x00000000eb200000)
  from space 1536K, 71% used [0x00000000eb200000,0x00000000eb314010,0x00000000eb380000)
  to   space 1536K, 0% used [0x00000000eb480000,0x00000000eb480000,0x00000000eb600000)
 ParOldGen       total 271872K, used 264332K [0x00000000c0000000, 0x00000000d0980000, 0x00000000eab00000)
  object space 271872K, 97% used [0x00000000c0000000,0x00000000d0223350,0x00000000d0980000)
 Metaspace       used 83574K, committed 84992K, reserved 1179648K
  class space    used 8527K, committed 9152K, reserved 1048576K
}
Event: 21.111 GC heap after
{Heap after GC invocations=524 (full 18):
 PSYoungGen      total 9728K, used 1173K [0x00000000eab00000, 0x00000000eb600000, 0x0000000100000000)
  eden space 8192K, 0% used [0x00000000eab00000,0x00000000eab00000,0x00000000eb300000)
  from space 1536K, 76% used [0x00000000eb480000,0x00000000eb5a5658,0x00000000eb600000)
  to   space 1536K, 0% used [0x00000000eb300000,0x00000000eb300000,0x00000000eb480000)
 ParOldGen       total 271872K, used 265252K [0x00000000c0000000, 0x00000000d0980000, 0x00000000eab00000)
  object space 271872K, 97% used [0x00000000c0000000,0x00000000d0309370,0x00000000d0980000)
 Metaspace       used 83574K, committed 84992K, reserved 1179648K
  class space    used 8527K, committed 9152K, reserved 1048576K
}
Event: 21.146 GC heap before
{Heap before GC invocations=525 (full 18):
 PSYoungGen      total 9728K, used 9365K [0x00000000eab00000, 0x00000000eb600000, 0x0000000100000000)
  eden space 8192K, 100% used [0x00000000eab00000,0x00000000eb300000,0x00000000eb300000)
  from space 1536K, 76% used [0x00000000eb480000,0x00000000eb5a5658,0x00000000eb600000)
  to   space 1536K, 0% used [0x00000000eb300000,0x00000000eb300000,0x00000000eb480000)
 ParOldGen       total 271872K, used 265252K [0x00000000c0000000, 0x00000000d0980000, 0x00000000eab00000)
  object space 271872K, 97% used [0x00000000c0000000,0x00000000d0309370,0x00000000d0980000)
 Metaspace       used 83575K, committed 84992K, reserved 1179648K
  class space    used 8527K, committed 9152K, reserved 1048576K
}
Event: 21.149 GC heap after
{Heap after GC invocations=525 (full 18):
 PSYoungGen      total 9728K, used 1460K [0x00000000eab00000, 0x00000000eb780000, 0x0000000100000000)
  eden space 8192K, 0% used [0x00000000eab00000,0x00000000eab00000,0x00000000eb300000)
  from space 1536K, 95% used [0x00000000eb300000,0x00000000eb46d200,0x00000000eb480000)
  to   space 1536K, 0% used [0x00000000eb600000,0x00000000eb600000,0x00000000eb780000)
 ParOldGen       total 271872K, used 266153K [0x00000000c0000000, 0x00000000d0980000, 0x00000000eab00000)
  object space 271872K, 97% used [0x00000000c0000000,0x00000000d03ea5b8,0x00000000d0980000)
 Metaspace       used 83575K, committed 84992K, reserved 1179648K
  class space    used 8527K, committed 9152K, reserved 1048576K
}
Event: 21.171 GC heap before
{Heap before GC invocations=526 (full 18):
 PSYoungGen      total 9728K, used 9652K [0x00000000eab00000, 0x00000000eb780000, 0x0000000100000000)
  eden space 8192K, 100% used [0x00000000eab00000,0x00000000eb300000,0x00000000eb300000)
  from space 1536K, 95% used [0x00000000eb300000,0x00000000eb46d200,0x00000000eb480000)
  to   space 1536K, 0% used [0x00000000eb600000,0x00000000eb600000,0x00000000eb780000)
 ParOldGen       total 271872K, used 266153K [0x00000000c0000000, 0x00000000d0980000, 0x00000000eab00000)
  object space 271872K, 97% used [0x00000000c0000000,0x00000000d03ea5b8,0x00000000d0980000)
 Metaspace       used 83575K, committed 84992K, reserved 1179648K
  class space    used 8527K, committed 9152K, reserved 1048576K
}
Event: 21.174 GC heap after
{Heap after GC invocations=526 (full 18):
 PSYoungGen      total 11264K, used 1392K [0x00000000eab00000, 0x00000000eb780000, 0x0000000100000000)
  eden space 9728K, 0% used [0x00000000eab00000,0x00000000eab00000,0x00000000eb480000)
  from space 1536K, 90% used [0x00000000eb600000,0x00000000eb75c010,0x00000000eb780000)
  to   space 1536K, 0% used [0x00000000eb480000,0x00000000eb480000,0x00000000eb600000)
 ParOldGen       total 271872K, used 267407K [0x00000000c0000000, 0x00000000d0980000, 0x00000000eab00000)
  object space 271872K, 98% used [0x00000000c0000000,0x00000000d0523e00,0x00000000d0980000)
 Metaspace       used 83575K, committed 84992K, reserved 1179648K
  class space    used 8527K, committed 9152K, reserved 1048576K
}

