# JRE version: Java(TM) SE Runtime Environment (17.0.9+11) (build 17.0.9+11-LTS-201)
# Java VM: Java HotSpot(TM) 64-Bit Server VM (17.0.9+11-LTS-201, mixed mode, sharing, tiered, compressed oops, compressed class ptrs, g1 gc, windows-amd64)
GC Precious Log:
 CPUs: 16 total, 16 available
 Memory: 16236M
 Large Page Support: Disabled
 NUMA Support: Disabled
 Compressed Oops: Enabled (Zero based)
 Heap Region Size: 2M
 Heap Min Capacity: 8M
 Heap Initial Capacity: 254M
 Heap Max Capacity: 4060M
 Pre-touch: Disabled
 Parallel Workers: 13
 Concurrent Workers: 3
 Concurrent Refinement Workers: 13
 Periodic GC: Disabled
Heap:
 garbage-first heap   total 90112K, used 47738K [0x0000000702400000, 0x0000000800000000)
  region size 2048K, 6 young (12288K), 2 survivors (4096K)
 Metaspace       used 79138K, committed 79744K, reserved 1179648K
  class space    used 10649K, committed 10944K, reserved 1048576K
GC Heap History (20 events):
Event: 3.149 GC heap before
{Heap before GC invocations=10 (full 0):
 garbage-first heap   total 55296K, used 33171K [0x0000000702400000, 0x0000000800000000)
  region size 2048K, 9 young (18432K), 2 survivors (4096K)
 Metaspace       used 35534K, committed 35968K, reserved 1114112K
  class space    used 4461K, committed 4672K, reserved 1048576K
}
Event: 3.152 GC heap after
{Heap after GC invocations=11 (full 0):
 garbage-first heap   total 157696K, used 22576K [0x0000000702400000, 0x0000000800000000)
  region size 2048K, 2 young (4096K), 2 survivors (4096K)
 Metaspace       used 35534K, committed 35968K, reserved 1114112K
  class space    used 4461K, committed 4672K, reserved 1048576K
}
Event: 3.898 GC heap before
{Heap before GC invocations=12 (full 0):
 garbage-first heap   total 90112K, used 71728K [0x0000000702400000, 0x0000000800000000)
  region size 2048K, 26 young (53248K), 2 survivors (4096K)
 Metaspace       used 41867K, committed 42368K, reserved 1114112K
  class space    used 5375K, committed 5632K, reserved 1048576K
}
Event: 3.900 GC heap after
{Heap after GC invocations=13 (full 0):
 garbage-first heap   total 90112K, used 24513K [0x0000000702400000, 0x0000000800000000)
  region size 2048K, 3 young (6144K), 3 survivors (6144K)
 Metaspace       used 41867K, committed 42368K, reserved 1114112K
  class space    used 5375K, committed 5632K, reserved 1048576K
}
Event: 5.083 GC heap before
{Heap before GC invocations=13 (full 0):
 garbage-first heap   total 90112K, used 67521K [0x0000000702400000, 0x0000000800000000)
  region size 2048K, 24 young (49152K), 3 survivors (6144K)
 Metaspace       used 54358K, committed 54848K, reserved 1114112K
  class space    used 7074K, committed 7296K, reserved 1048576K
}
Event: 5.088 GC heap after
{Heap after GC invocations=14 (full 0):
 garbage-first heap   total 90112K, used 28050K [0x0000000702400000, 0x0000000800000000)
  region size 2048K, 3 young (6144K), 3 survivors (6144K)
 Metaspace       used 54358K, committed 54848K, reserved 1114112K
  class space    used 7074K, committed 7296K, reserved 1048576K
}
Event: 5.447 GC heap before
{Heap before GC invocations=14 (full 0):
 garbage-first heap   total 90112K, used 48530K [0x0000000702400000, 0x0000000800000000)
  region size 2048K, 14 young (28672K), 3 survivors (6144K)
 Metaspace       used 59658K, committed 60096K, reserved 1114112K
  class space    used 7774K, committed 8000K, reserved 1048576K
}
Event: 5.450 GC heap after
{Heap after GC invocations=15 (full 0):
 garbage-first heap   total 90112K, used 29935K [0x0000000702400000, 0x0000000800000000)
  region size 2048K, 1 young (2048K), 1 survivors (2048K)
 Metaspace       used 59658K, committed 60096K, reserved 1114112K
  class space    used 7774K, committed 8000K, reserved 1048576K
}
Event: 6.541 GC heap before
{Heap before GC invocations=16 (full 0):
 garbage-first heap   total 90112K, used 64751K [0x0000000702400000, 0x0000000800000000)
  region size 2048K, 19 young (38912K), 1 survivors (2048K)
 Metaspace       used 66476K, committed 67008K, reserved 1114112K
  class space    used 8911K, committed 9152K, reserved 1048576K
}
Event: 6.543 GC heap after
{Heap after GC invocations=17 (full 0):
 garbage-first heap   total 90112K, used 30810K [0x0000000702400000, 0x0000000800000000)
  region size 2048K, 2 young (4096K), 2 survivors (4096K)
 Metaspace       used 66476K, committed 67008K, reserved 1114112K
  class space    used 8911K, committed 9152K, reserved 1048576K
}
Event: 8.721 GC heap before
{Heap before GC invocations=17 (full 0):
 garbage-first heap   total 90112K, used 65626K [0x0000000702400000, 0x0000000800000000)
  region size 2048K, 20 young (40960K), 2 survivors (4096K)
 Metaspace       used 69913K, committed 70528K, reserved 1114112K
  class space    used 9318K, committed 9600K, reserved 1048576K
}
Event: 8.725 GC heap after
{Heap after GC invocations=18 (full 0):
 garbage-first heap   total 90112K, used 33395K [0x0000000702400000, 0x0000000800000000)
  region size 2048K, 3 young (6144K), 3 survivors (6144K)
 Metaspace       used 69913K, committed 70528K, reserved 1114112K
  class space    used 9318K, committed 9600K, reserved 1048576K
}
Event: 9.219 GC heap before
{Heap before GC invocations=18 (full 0):
 garbage-first heap   total 90112K, used 66163K [0x0000000702400000, 0x0000000800000000)
  region size 2048K, 20 young (40960K), 3 survivors (6144K)
 Metaspace       used 72858K, committed 73472K, reserved 1114112K
  class space    used 9740K, committed 10048K, reserved 1048576K
}
Event: 9.223 GC heap after
{Heap after GC invocations=19 (full 0):
 garbage-first heap   total 90112K, used 36019K [0x0000000702400000, 0x0000000800000000)
  region size 2048K, 3 young (6144K), 3 survivors (6144K)
 Metaspace       used 72858K, committed 73472K, reserved 1114112K
  class space    used 9740K, committed 10048K, reserved 1048576K
}
Event: 9.595 GC heap before
{Heap before GC invocations=19 (full 0):
 garbage-first heap   total 90112K, used 68787K [0x0000000702400000, 0x0000000800000000)
  region size 2048K, 19 young (38912K), 3 survivors (6144K)
 Metaspace       used 74406K, committed 75072K, reserved 1114112K
  class space    used 9980K, committed 10304K, reserved 1048576K
}
Event: 9.599 GC heap after
{Heap after GC invocations=20 (full 0):
 garbage-first heap   total 90112K, used 38005K [0x0000000702400000, 0x0000000800000000)
  region size 2048K, 3 young (6144K), 3 survivors (6144K)
 Metaspace       used 74406K, committed 75072K, reserved 1114112K
  class space    used 9980K, committed 10304K, reserved 1048576K
}
Event: 9.929 GC heap before
{Heap before GC invocations=20 (full 0):
 garbage-first heap   total 90112K, used 68725K [0x0000000702400000, 0x0000000800000000)
  region size 2048K, 18 young (36864K), 3 survivors (6144K)
 Metaspace       used 76085K, committed 76672K, reserved 1179648K
  class space    used 10208K, committed 10496K, reserved 1048576K
}
Event: 9.932 GC heap after
{Heap after GC invocations=21 (full 0):
 garbage-first heap   total 90112K, used 40084K [0x0000000702400000, 0x0000000800000000)
  region size 2048K, 3 young (6144K), 3 survivors (6144K)
 Metaspace       used 76085K, committed 76672K, reserved 1179648K
  class space    used 10208K, committed 10496K, reserved 1048576K
}
Event: 12.847 GC heap before
{Heap before GC invocations=21 (full 0):
 garbage-first heap   total 90112K, used 66708K [0x0000000702400000, 0x0000000800000000)
  region size 2048K, 17 young (34816K), 3 survivors (6144K)
 Metaspace       used 78528K, committed 79104K, reserved 1179648K
  class space    used 10578K, committed 10880K, reserved 1048576K
}
Event: 12.852 GC heap after
{Heap after GC invocations=22 (full 0):
 garbage-first heap   total 90112K, used 41594K [0x0000000702400000, 0x0000000800000000)
  region size 2048K, 2 young (4096K), 2 survivors (4096K)
 Metaspace       used 78528K, committed 79104K, reserved 1179648K
  class space    used 10578K, committed 10880K, reserved 1048576K
}

