# JRE version: Java(TM) SE Runtime Environment (17.0.9+11) (build 17.0.9+11-LTS-201)
# Java VM: Java HotSpot(TM) 64-Bit Server VM (17.0.9+11-LTS-201, mixed mode, sharing, tiered, compressed oops, compressed class ptrs, g1 gc, windows-amd64)
GC Precious Log:
 CPUs: 16 total, 16 available
 Memory: 16236M
 Large Page Support: Disabled
 NUMA Support: Disabled
 Compressed Oops: Enabled (Zero based)
 Heap Region Size: 2M
 Heap Min Capacity: 8M
 Heap Initial Capacity: 254M
 Heap Max Capacity: 4060M
 Pre-touch: Disabled
 Parallel Workers: 13
 Concurrent Workers: 3
 Concurrent Refinement Workers: 13
 Periodic GC: Disabled
Heap:
 garbage-first heap   total 90112K, used 58745K [0x0000000702400000, 0x0000000800000000)
  region size 2048K, 13 young (26624K), 3 survivors (6144K)
 Metaspace       used 77714K, committed 78336K, reserved 1179648K
  class space    used 10452K, committed 10752K, reserved 1048576K
GC Heap History (20 events):
Event: 2.126 GC heap before
{Heap before GC invocations=6 (full 0):
 garbage-first heap   total 55296K, used 34277K [0x0000000702400000, 0x0000000800000000)
  region size 2048K, 10 young (20480K), 1 survivors (2048K)
 Metaspace       used 25024K, committed 25408K, reserved 1114112K
  class space    used 3082K, committed 3264K, reserved 1048576K
}
Event: 2.128 GC heap after
{Heap after GC invocations=7 (full 0):
 garbage-first heap   total 157696K, used 16854K [0x0000000702400000, 0x0000000800000000)
  region size 2048K, 1 young (2048K), 1 survivors (2048K)
 Metaspace       used 25024K, committed 25408K, reserved 1114112K
  class space    used 3082K, committed 3264K, reserved 1048576K
}
Event: 3.303 GC heap before
{Heap before GC invocations=7 (full 0):
 garbage-first heap   total 157696K, used 84438K [0x0000000702400000, 0x0000000800000000)
  region size 2048K, 35 young (71680K), 1 survivors (2048K)
 Metaspace       used 35637K, committed 36096K, reserved 1114112K
  class space    used 4462K, committed 4672K, reserved 1048576K
}
Event: 3.308 GC heap after
{Heap after GC invocations=8 (full 0):
 garbage-first heap   total 157696K, used 22553K [0x0000000702400000, 0x0000000800000000)
  region size 2048K, 4 young (8192K), 4 survivors (8192K)
 Metaspace       used 35637K, committed 36096K, reserved 1114112K
  class space    used 4462K, committed 4672K, reserved 1048576K
}
Event: 4.081 GC heap before
{Heap before GC invocations=9 (full 0):
 garbage-first heap   total 90112K, used 67609K [0x0000000702400000, 0x0000000800000000)
  region size 2048K, 26 young (53248K), 4 survivors (8192K)
 Metaspace       used 41591K, committed 42048K, reserved 1114112K
  class space    used 5332K, committed 5568K, reserved 1048576K
}
Event: 4.085 GC heap after
{Heap after GC invocations=10 (full 0):
 garbage-first heap   total 90112K, used 24777K [0x0000000702400000, 0x0000000800000000)
  region size 2048K, 2 young (4096K), 2 survivors (4096K)
 Metaspace       used 41591K, committed 42048K, reserved 1114112K
  class space    used 5332K, committed 5568K, reserved 1048576K
}
Event: 5.195 GC heap before
{Heap before GC invocations=10 (full 0):
 garbage-first heap   total 90112K, used 63689K [0x0000000702400000, 0x0000000800000000)
  region size 2048K, 21 young (43008K), 2 survivors (4096K)
 Metaspace       used 53340K, committed 53888K, reserved 1114112K
  class space    used 6929K, committed 7168K, reserved 1048576K
}
Event: 5.199 GC heap after
{Heap after GC invocations=11 (full 0):
 garbage-first heap   total 90112K, used 28039K [0x0000000702400000, 0x0000000800000000)
  region size 2048K, 3 young (6144K), 3 survivors (6144K)
 Metaspace       used 53340K, committed 53888K, reserved 1114112K
  class space    used 6929K, committed 7168K, reserved 1048576K
}
Event: 5.881 GC heap before
{Heap before GC invocations=11 (full 0):
 garbage-first heap   total 90112K, used 52615K [0x0000000702400000, 0x0000000800000000)
  region size 2048K, 16 young (32768K), 3 survivors (6144K)
 Metaspace       used 59804K, committed 60288K, reserved 1114112K
  class space    used 7779K, committed 8000K, reserved 1048576K
}
Event: 5.885 GC heap after
{Heap after GC invocations=12 (full 0):
 garbage-first heap   total 90112K, used 29900K [0x0000000702400000, 0x0000000800000000)
  region size 2048K, 2 young (4096K), 2 survivors (4096K)
 Metaspace       used 59804K, committed 60288K, reserved 1114112K
  class space    used 7779K, committed 8000K, reserved 1048576K
}
Event: 7.310 GC heap before
{Heap before GC invocations=13 (full 0):
 garbage-first heap   total 90112K, used 64716K [0x0000000702400000, 0x0000000800000000)
  region size 2048K, 19 young (38912K), 2 survivors (4096K)
 Metaspace       used 66493K, committed 67008K, reserved 1114112K
  class space    used 8906K, committed 9152K, reserved 1048576K
}
Event: 7.312 GC heap after
{Heap after GC invocations=14 (full 0):
 garbage-first heap   total 90112K, used 30648K [0x0000000702400000, 0x0000000800000000)
  region size 2048K, 2 young (4096K), 2 survivors (4096K)
 Metaspace       used 66493K, committed 67008K, reserved 1114112K
  class space    used 8906K, committed 9152K, reserved 1048576K
}
Event: 11.853 GC heap before
{Heap before GC invocations=14 (full 0):
 garbage-first heap   total 90112K, used 65464K [0x0000000702400000, 0x0000000800000000)
  region size 2048K, 19 young (38912K), 2 survivors (4096K)
 Metaspace       used 70256K, committed 70848K, reserved 1114112K
  class space    used 9370K, committed 9664K, reserved 1048576K
}
Event: 11.857 GC heap after
{Heap after GC invocations=15 (full 0):
 garbage-first heap   total 90112K, used 33276K [0x0000000702400000, 0x0000000800000000)
  region size 2048K, 3 young (6144K), 3 survivors (6144K)
 Metaspace       used 70256K, committed 70848K, reserved 1114112K
  class space    used 9370K, committed 9664K, reserved 1048576K
}
Event: 12.487 GC heap before
{Heap before GC invocations=15 (full 0):
 garbage-first heap   total 90112K, used 66044K [0x0000000702400000, 0x0000000800000000)
  region size 2048K, 20 young (40960K), 3 survivors (6144K)
 Metaspace       used 73078K, committed 73664K, reserved 1114112K
  class space    used 9755K, committed 10048K, reserved 1048576K
}
Event: 12.492 GC heap after
{Heap after GC invocations=16 (full 0):
 garbage-first heap   total 90112K, used 36079K [0x0000000702400000, 0x0000000800000000)
  region size 2048K, 3 young (6144K), 3 survivors (6144K)
 Metaspace       used 73078K, committed 73664K, reserved 1114112K
  class space    used 9755K, committed 10048K, reserved 1048576K
}
Event: 13.159 GC heap before
{Heap before GC invocations=16 (full 0):
 garbage-first heap   total 90112K, used 68847K [0x0000000702400000, 0x0000000800000000)
  region size 2048K, 19 young (38912K), 3 survivors (6144K)
 Metaspace       used 74479K, committed 75136K, reserved 1114112K
  class space    used 9986K, committed 10304K, reserved 1048576K
}
Event: 13.164 GC heap after
{Heap after GC invocations=17 (full 0):
 garbage-first heap   total 90112K, used 37983K [0x0000000702400000, 0x0000000800000000)
  region size 2048K, 3 young (6144K), 3 survivors (6144K)
 Metaspace       used 74479K, committed 75136K, reserved 1114112K
  class space    used 9986K, committed 10304K, reserved 1048576K
}
Event: 13.795 GC heap before
{Heap before GC invocations=17 (full 0):
 garbage-first heap   total 90112K, used 68703K [0x0000000702400000, 0x0000000800000000)
  region size 2048K, 18 young (36864K), 3 survivors (6144K)
 Metaspace       used 76263K, committed 76864K, reserved 1179648K
  class space    used 10236K, committed 10496K, reserved 1048576K
}
Event: 13.802 GC heap after
{Heap after GC invocations=18 (full 0):
 garbage-first heap   total 90112K, used 40313K [0x0000000702400000, 0x0000000800000000)
  region size 2048K, 3 young (6144K), 3 survivors (6144K)
 Metaspace       used 76263K, committed 76864K, reserved 1179648K
  class space    used 10236K, committed 10496K, reserved 1048576K
}

