# JRE version: OpenJDK Runtime Environment Temurin-17.0.13+11 (17.0.13+11) (build 17.0.13+11)
# Java VM: OpenJDK 64-Bit Server VM Temurin-17.0.13+11 (17.0.13+11, mixed mode, tiered, compressed oops, compressed class ptrs, parallel gc, windows-amd64)
GC Precious Log:
 CPUs: 16 total, 16 available
 Memory: 16236M
 Large Page Support: Disabled
 NUMA Support: Disabled
 Compressed Oops: Enabled (32-bit)
 Alignments: Space 512K, Generation 512K, Heap 2M
 Heap Min Capacity: 100M
 Heap Initial Capacity: 100M
 Heap Max Capacity: 1G
 Pre-touch: Disabled
 Parallel Workers: 13
Heap:
 PSYoungGen      total 15360K, used 3112K [0x00000000eab00000, 0x00000000ebb00000, 0x0000000100000000)
  eden space 14336K, 16% used [0x00000000eab00000,0x00000000ead4b8d8,0x00000000eb900000)
  from space 1024K, 74% used [0x00000000eb980000,0x00000000eba3e920,0x00000000eba80000)
  to   space 512K, 0% used [0x00000000eba80000,0x00000000eba80000,0x00000000ebb00000)
 ParOldGen       total 250880K, used 217724K [0x00000000c0000000, 0x00000000cf500000, 0x00000000eab00000)
  object space 250880K, 86% used [0x00000000c0000000,0x00000000cd49f0e8,0x00000000cf500000)
 Metaspace       used 87817K, committed 89280K, reserved 1179648K
  class space    used 9038K, committed 9728K, reserved 1048576K
GC Heap History (20 events):
Event: 76.272 GC heap before
{Heap before GC invocations=525 (full 17):
 PSYoungGen      total 9216K, used 8954K [0x00000000eab00000, 0x00000000eb500000, 0x0000000100000000)
  eden space 8192K, 100% used [0x00000000eab00000,0x00000000eb300000,0x00000000eb300000)
  from space 1024K, 74% used [0x00000000eb400000,0x00000000eb4be900,0x00000000eb500000)
  to   space 1024K, 0% used [0x00000000eb300000,0x00000000eb300000,0x00000000eb400000)
 ParOldGen       total 250880K, used 210821K [0x00000000c0000000, 0x00000000cf500000, 0x00000000eab00000)
  object space 250880K, 84% used [0x00000000c0000000,0x00000000ccde1600,0x00000000cf500000)
 Metaspace       used 87785K, committed 89216K, reserved 1179648K
  class space    used 9038K, committed 9728K, reserved 1048576K
}
Event: 76.273 GC heap after
{Heap after GC invocations=525 (full 17):
 PSYoungGen      total 9216K, used 762K [0x00000000eab00000, 0x00000000eb700000, 0x0000000100000000)
  eden space 8192K, 0% used [0x00000000eab00000,0x00000000eab00000,0x00000000eb300000)
  from space 1024K, 74% used [0x00000000eb300000,0x00000000eb3be900,0x00000000eb400000)
  to   space 1024K, 0% used [0x00000000eb600000,0x00000000eb600000,0x00000000eb700000)
 ParOldGen       total 250880K, used 211354K [0x00000000c0000000, 0x00000000cf500000, 0x00000000eab00000)
  object space 250880K, 84% used [0x00000000c0000000,0x00000000cce66800,0x00000000cf500000)
 Metaspace       used 87785K, committed 89216K, reserved 1179648K
  class space    used 9038K, committed 9728K, reserved 1048576K
}
Event: 76.287 GC heap before
{Heap before GC invocations=526 (full 17):
 PSYoungGen      total 9216K, used 8954K [0x00000000eab00000, 0x00000000eb700000, 0x0000000100000000)
  eden space 8192K, 100% used [0x00000000eab00000,0x00000000eb300000,0x00000000eb300000)
  from space 1024K, 74% used [0x00000000eb300000,0x00000000eb3be900,0x00000000eb400000)
  to   space 1024K, 0% used [0x00000000eb600000,0x00000000eb600000,0x00000000eb700000)
 ParOldGen       total 250880K, used 211354K [0x00000000c0000000, 0x00000000cf500000, 0x00000000eab00000)
  object space 250880K, 84% used [0x00000000c0000000,0x00000000cce66800,0x00000000cf500000)
 Metaspace       used 87787K, committed 89216K, reserved 1179648K
  class space    used 9038K, committed 9728K, reserved 1048576K
}
Event: 76.288 GC heap after
{Heap after GC invocations=526 (full 17):
 PSYoungGen      total 10240K, used 314K [0x00000000eab00000, 0x00000000eb680000, 0x0000000100000000)
  eden space 9728K, 0% used [0x00000000eab00000,0x00000000eab00000,0x00000000eb480000)
  from space 512K, 61% used [0x00000000eb600000,0x00000000eb64e900,0x00000000eb680000)
  to   space 512K, 0% used [0x00000000eb580000,0x00000000eb580000,0x00000000eb600000)
 ParOldGen       total 250880K, used 211554K [0x00000000c0000000, 0x00000000cf500000, 0x00000000eab00000)
  object space 250880K, 84% used [0x00000000c0000000,0x00000000cce98800,0x00000000cf500000)
 Metaspace       used 87787K, committed 89216K, reserved 1179648K
  class space    used 9038K, committed 9728K, reserved 1048576K
}
Event: 76.320 GC heap before
{Heap before GC invocations=527 (full 17):
 PSYoungGen      total 10240K, used 10042K [0x00000000eab00000, 0x00000000eb680000, 0x0000000100000000)
  eden space 9728K, 100% used [0x00000000eab00000,0x00000000eb480000,0x00000000eb480000)
  from space 512K, 61% used [0x00000000eb600000,0x00000000eb64e900,0x00000000eb680000)
  to   space 512K, 0% used [0x00000000eb580000,0x00000000eb580000,0x00000000eb600000)
 ParOldGen       total 250880K, used 211554K [0x00000000c0000000, 0x00000000cf500000, 0x00000000eab00000)
  object space 250880K, 84% used [0x00000000c0000000,0x00000000cce98800,0x00000000cf500000)
 Metaspace       used 87789K, committed 89216K, reserved 1179648K
  class space    used 9038K, committed 9728K, reserved 1048576K
}
Event: 76.321 GC heap after
{Heap after GC invocations=527 (full 17):
 PSYoungGen      total 10240K, used 480K [0x00000000eab00000, 0x00000000eb680000, 0x0000000100000000)
  eden space 9728K, 0% used [0x00000000eab00000,0x00000000eab00000,0x00000000eb480000)
  from space 512K, 93% used [0x00000000eb580000,0x00000000eb5f8020,0x00000000eb600000)
  to   space 512K, 0% used [0x00000000eb600000,0x00000000eb600000,0x00000000eb680000)
 ParOldGen       total 250880K, used 211682K [0x00000000c0000000, 0x00000000cf500000, 0x00000000eab00000)
  object space 250880K, 84% used [0x00000000c0000000,0x00000000cceb8800,0x00000000cf500000)
 Metaspace       used 87789K, committed 89216K, reserved 1179648K
  class space    used 9038K, committed 9728K, reserved 1048576K
}
Event: 76.332 GC heap before
{Heap before GC invocations=528 (full 17):
 PSYoungGen      total 10240K, used 10208K [0x00000000eab00000, 0x00000000eb680000, 0x0000000100000000)
  eden space 9728K, 100% used [0x00000000eab00000,0x00000000eb480000,0x00000000eb480000)
  from space 512K, 93% used [0x00000000eb580000,0x00000000eb5f8020,0x00000000eb600000)
  to   space 512K, 0% used [0x00000000eb600000,0x00000000eb600000,0x00000000eb680000)
 ParOldGen       total 250880K, used 211682K [0x00000000c0000000, 0x00000000cf500000, 0x00000000eab00000)
  object space 250880K, 84% used [0x00000000c0000000,0x00000000cceb8800,0x00000000cf500000)
 Metaspace       used 87802K, committed 89280K, reserved 1179648K
  class space    used 9038K, committed 9728K, reserved 1048576K
}
Event: 76.334 GC heap after
{Heap after GC invocations=528 (full 17):
 PSYoungGen      total 9728K, used 489K [0x00000000eab00000, 0x00000000eb880000, 0x0000000100000000)
  eden space 9216K, 0% used [0x00000000eab00000,0x00000000eab00000,0x00000000eb400000)
  from space 512K, 95% used [0x00000000eb600000,0x00000000eb67a410,0x00000000eb680000)
  to   space 2048K, 0% used [0x00000000eb400000,0x00000000eb400000,0x00000000eb600000)
 ParOldGen       total 250880K, used 212973K [0x00000000c0000000, 0x00000000cf500000, 0x00000000eab00000)
  object space 250880K, 84% used [0x00000000c0000000,0x00000000ccffb580,0x00000000cf500000)
 Metaspace       used 87802K, committed 89280K, reserved 1179648K
  class space    used 9038K, committed 9728K, reserved 1048576K
}
Event: 76.338 GC heap before
{Heap before GC invocations=529 (full 17):
 PSYoungGen      total 9728K, used 9705K [0x00000000eab00000, 0x00000000eb880000, 0x0000000100000000)
  eden space 9216K, 100% used [0x00000000eab00000,0x00000000eb400000,0x00000000eb400000)
  from space 512K, 95% used [0x00000000eb600000,0x00000000eb67a410,0x00000000eb680000)
  to   space 2048K, 0% used [0x00000000eb400000,0x00000000eb400000,0x00000000eb600000)
 ParOldGen       total 250880K, used 212973K [0x00000000c0000000, 0x00000000cf500000, 0x00000000eab00000)
  object space 250880K, 84% used [0x00000000c0000000,0x00000000ccffb580,0x00000000cf500000)
 Metaspace       used 87810K, committed 89280K, reserved 1179648K
  class space    used 9038K, committed 9728K, reserved 1048576K
}
Event: 76.340 GC heap after
{Heap after GC invocations=529 (full 17):
 PSYoungGen      total 11264K, used 1792K [0x00000000eab00000, 0x00000000eb980000, 0x0000000100000000)
  eden space 9216K, 0% used [0x00000000eab00000,0x00000000eab00000,0x00000000eb400000)
  from space 2048K, 87% used [0x00000000eb400000,0x00000000eb5c0000,0x00000000eb600000)
  to   space 2048K, 0% used [0x00000000eb780000,0x00000000eb780000,0x00000000eb980000)
 ParOldGen       total 250880K, used 213447K [0x00000000c0000000, 0x00000000cf500000, 0x00000000eab00000)
  object space 250880K, 85% used [0x00000000c0000000,0x00000000cd071da0,0x00000000cf500000)
 Metaspace       used 87810K, committed 89280K, reserved 1179648K
  class space    used 9038K, committed 9728K, reserved 1048576K
}
Event: 76.342 GC heap before
{Heap before GC invocations=530 (full 17):
 PSYoungGen      total 11264K, used 11008K [0x00000000eab00000, 0x00000000eb980000, 0x0000000100000000)
  eden space 9216K, 100% used [0x00000000eab00000,0x00000000eb400000,0x00000000eb400000)
  from space 2048K, 87% used [0x00000000eb400000,0x00000000eb5c0000,0x00000000eb600000)
  to   space 2048K, 0% used [0x00000000eb780000,0x00000000eb780000,0x00000000eb980000)
 ParOldGen       total 250880K, used 213447K [0x00000000c0000000, 0x00000000cf500000, 0x00000000eab00000)
  object space 250880K, 85% used [0x00000000c0000000,0x00000000cd071da0,0x00000000cf500000)
 Metaspace       used 87810K, committed 89280K, reserved 1179648K
  class space    used 9038K, committed 9728K, reserved 1048576K
}
Event: 76.344 GC heap after
{Heap after GC invocations=530 (full 17):
 PSYoungGen      total 12800K, used 800K [0x00000000eab00000, 0x00000000eb900000, 0x0000000100000000)
  eden space 11264K, 0% used [0x00000000eab00000,0x00000000eab00000,0x00000000eb600000)
  from space 1536K, 52% used [0x00000000eb780000,0x00000000eb848000,0x00000000eb900000)
  to   space 1536K, 0% used [0x00000000eb600000,0x00000000eb600000,0x00000000eb780000)
 ParOldGen       total 250880K, used 215079K [0x00000000c0000000, 0x00000000cf500000, 0x00000000eab00000)
  object space 250880K, 85% used [0x00000000c0000000,0x00000000cd209da0,0x00000000cf500000)
 Metaspace       used 87810K, committed 89280K, reserved 1179648K
  class space    used 9038K, committed 9728K, reserved 1048576K
}
Event: 76.347 GC heap before
{Heap before GC invocations=531 (full 17):
 PSYoungGen      total 12800K, used 12064K [0x00000000eab00000, 0x00000000eb900000, 0x0000000100000000)
  eden space 11264K, 100% used [0x00000000eab00000,0x00000000eb600000,0x00000000eb600000)
  from space 1536K, 52% used [0x00000000eb780000,0x00000000eb848000,0x00000000eb900000)
  to   space 1536K, 0% used [0x00000000eb600000,0x00000000eb600000,0x00000000eb780000)
 ParOldGen       total 250880K, used 215079K [0x00000000c0000000, 0x00000000cf500000, 0x00000000eab00000)
  object space 250880K, 85% used [0x00000000c0000000,0x00000000cd209da0,0x00000000cf500000)
 Metaspace       used 87810K, committed 89280K, reserved 1179648K
  class space    used 9038K, committed 9728K, reserved 1048576K
}
Event: 76.349 GC heap after
{Heap after GC invocations=531 (full 17):
 PSYoungGen      total 12800K, used 826K [0x00000000eab00000, 0x00000000eba00000, 0x0000000100000000)
  eden space 11264K, 0% used [0x00000000eab00000,0x00000000eab00000,0x00000000eb600000)
  from space 1536K, 53% used [0x00000000eb600000,0x00000000eb6ce900,0x00000000eb780000)
  to   space 1024K, 0% used [0x00000000eb900000,0x00000000eb900000,0x00000000eba00000)
 ParOldGen       total 250880K, used 215631K [0x00000000c0000000, 0x00000000cf500000, 0x00000000eab00000)
  object space 250880K, 85% used [0x00000000c0000000,0x00000000cd293da0,0x00000000cf500000)
 Metaspace       used 87810K, committed 89280K, reserved 1179648K
  class space    used 9038K, committed 9728K, reserved 1048576K
}
Event: 76.354 GC heap before
{Heap before GC invocations=532 (full 17):
 PSYoungGen      total 12800K, used 12090K [0x00000000eab00000, 0x00000000eba00000, 0x0000000100000000)
  eden space 11264K, 100% used [0x00000000eab00000,0x00000000eb600000,0x00000000eb600000)
  from space 1536K, 53% used [0x00000000eb600000,0x00000000eb6ce900,0x00000000eb780000)
  to   space 1024K, 0% used [0x00000000eb900000,0x00000000eb900000,0x00000000eba00000)
 ParOldGen       total 250880K, used 215634K [0x00000000c0000000, 0x00000000cf500000, 0x00000000eab00000)
  object space 250880K, 85% used [0x00000000c0000000,0x00000000cd2948c8,0x00000000cf500000)
 Metaspace       used 87811K, committed 89280K, reserved 1179648K
  class space    used 9038K, committed 9728K, reserved 1048576K
}
Event: 76.355 GC heap after
{Heap after GC invocations=532 (full 17):
 PSYoungGen      total 13312K, used 995K [0x00000000eab00000, 0x00000000ebc00000, 0x0000000100000000)
  eden space 12288K, 0% used [0x00000000eab00000,0x00000000eab00000,0x00000000eb700000)
  from space 1024K, 97% used [0x00000000eb900000,0x00000000eb9f8ed8,0x00000000eba00000)
  to   space 2048K, 0% used [0x00000000eb700000,0x00000000eb700000,0x00000000eb900000)
 ParOldGen       total 250880K, used 216214K [0x00000000c0000000, 0x00000000cf500000, 0x00000000eab00000)
  object space 250880K, 86% used [0x00000000c0000000,0x00000000cd325ac8,0x00000000cf500000)
 Metaspace       used 87811K, committed 89280K, reserved 1179648K
  class space    used 9038K, committed 9728K, reserved 1048576K
}
Event: 76.360 GC heap before
{Heap before GC invocations=533 (full 17):
 PSYoungGen      total 13312K, used 13283K [0x00000000eab00000, 0x00000000ebc00000, 0x0000000100000000)
  eden space 12288K, 99% used [0x00000000eab00000,0x00000000eb6fffe8,0x00000000eb700000)
  from space 1024K, 97% used [0x00000000eb900000,0x00000000eb9f8ed8,0x00000000eba00000)
  to   space 2048K, 0% used [0x00000000eb700000,0x00000000eb700000,0x00000000eb900000)
 ParOldGen       total 250880K, used 216214K [0x00000000c0000000, 0x00000000cf500000, 0x00000000eab00000)
  object space 250880K, 86% used [0x00000000c0000000,0x00000000cd325ac8,0x00000000cf500000)
 Metaspace       used 87814K, committed 89280K, reserved 1179648K
  class space    used 9038K, committed 9728K, reserved 1048576K
}
Event: 76.361 GC heap after
{Heap after GC invocations=533 (full 17):
 PSYoungGen      total 14336K, used 858K [0x00000000eab00000, 0x00000000ebc00000, 0x0000000100000000)
  eden space 12288K, 0% used [0x00000000eab00000,0x00000000eab00000,0x00000000eb700000)
  from space 2048K, 41% used [0x00000000eb700000,0x00000000eb7d6900,0x00000000eb900000)
  to   space 1536K, 0% used [0x00000000eba80000,0x00000000eba80000,0x00000000ebc00000)
 ParOldGen       total 250880K, used 216892K [0x00000000c0000000, 0x00000000cf500000, 0x00000000eab00000)
  object space 250880K, 86% used [0x00000000c0000000,0x00000000cd3cf0e8,0x00000000cf500000)
 Metaspace       used 87814K, committed 89280K, reserved 1179648K
  class space    used 9038K, committed 9728K, reserved 1048576K
}
Event: 76.379 GC heap before
{Heap before GC invocations=534 (full 17):
 PSYoungGen      total 14336K, used 13146K [0x00000000eab00000, 0x00000000ebc00000, 0x0000000100000000)
  eden space 12288K, 100% used [0x00000000eab00000,0x00000000eb700000,0x00000000eb700000)
  from space 2048K, 41% used [0x00000000eb700000,0x00000000eb7d6900,0x00000000eb900000)
  to   space 1536K, 0% used [0x00000000eba80000,0x00000000eba80000,0x00000000ebc00000)
 ParOldGen       total 250880K, used 216892K [0x00000000c0000000, 0x00000000cf500000, 0x00000000eab00000)
  object space 250880K, 86% used [0x00000000c0000000,0x00000000cd3cf0e8,0x00000000cf500000)
 Metaspace       used 87816K, committed 89280K, reserved 1179648K
  class space    used 9038K, committed 9728K, reserved 1048576K
}
Event: 76.381 GC heap after
{Heap after GC invocations=534 (full 17):
 PSYoungGen      total 15360K, used 692K [0x00000000eab00000, 0x00000000ebb80000, 0x0000000100000000)
  eden space 14336K, 0% used [0x00000000eab00000,0x00000000eab00000,0x00000000eb900000)
  from space 1024K, 67% used [0x00000000eba80000,0x00000000ebb2d200,0x00000000ebb80000)
  to   space 1024K, 0% used [0x00000000eb980000,0x00000000eb980000,0x00000000eba80000)
 ParOldGen       total 250880K, used 217516K [0x00000000c0000000, 0x00000000cf500000, 0x00000000eab00000)
  object space 250880K, 86% used [0x00000000c0000000,0x00000000cd46b0e8,0x00000000cf500000)
 Metaspace       used 87816K, committed 89280K, reserved 1179648K
  class space    used 9038K, committed 9728K, reserved 1048576K
}

