# JRE version: OpenJDK Runtime Environment Temurin-17.0.13+11 (17.0.13+11) (build 17.0.13+11)
# Java VM: OpenJDK 64-Bit Server VM Temurin-17.0.13+11 (17.0.13+11, mixed mode, tiered, compressed oops, compressed class ptrs, parallel gc, windows-amd64)
GC Precious Log:
 CPUs: 16 total, 16 available
 Memory: 16236M
 Large Page Support: Disabled
 NUMA Support: Disabled
 Compressed Oops: Enabled (32-bit)
 Alignments: Space 512K, Generation 512K, Heap 2M
 Heap Min Capacity: 100M
 Heap Initial Capacity: 100M
 Heap Max Capacity: 1G
 Pre-touch: Disabled
 Parallel Workers: 13
Heap:
 PSYoungGen      total 24576K, used 23784K [0x00000000eab00000, 0x00000000ec500000, 0x0000000100000000)
  eden space 22528K, 97% used [0x00000000eab00000,0x00000000ec05ab50,0x00000000ec100000)
  from space 2048K, 93% used [0x00000000ec300000,0x00000000ec4df6a0,0x00000000ec500000)
  to   space 2048K, 0% used [0x00000000ec100000,0x00000000ec100000,0x00000000ec300000)
 ParOldGen       total 171008K, used 152319K [0x00000000c0000000, 0x00000000ca700000, 0x00000000eab00000)
  object space 171008K, 89% used [0x00000000c0000000,0x00000000c94bfc38,0x00000000ca700000)
 Metaspace       used 108986K, committed 110400K, reserved 1179648K
  class space    used 10821K, committed 11520K, reserved 1048576K
GC Heap History (20 events):
Event: 24182.115 GC heap before
{Heap before GC invocations=5645 (full 108):
 PSYoungGen      total 15872K, used 15863K [0x00000000eab00000, 0x00000000ebf80000, 0x0000000100000000)
  eden space 14848K, 100% used [0x00000000eab00000,0x00000000eb980000,0x00000000eb980000)
  from space 1024K, 99% used [0x00000000ebc00000,0x00000000ebcfdf70,0x00000000ebd00000)
  to   space 2560K, 0% used [0x00000000eb980000,0x00000000eb980000,0x00000000ebc00000)
 ParOldGen       total 171008K, used 143892K [0x00000000c0000000, 0x00000000ca700000, 0x00000000eab00000)
  object space 171008K, 84% used [0x00000000c0000000,0x00000000c8c850b8,0x00000000ca700000)
 Metaspace       used 108984K, committed 110400K, reserved 1179648K
  class space    used 10821K, committed 11520K, reserved 1048576K
}
Event: 24182.116 GC heap after
{Heap after GC invocations=5645 (full 108):
 PSYoungGen      total 17408K, used 2112K [0x00000000eab00000, 0x00000000ec080000, 0x0000000100000000)
  eden space 14848K, 0% used [0x00000000eab00000,0x00000000eab00000,0x00000000eb980000)
  from space 2560K, 82% used [0x00000000eb980000,0x00000000ebb90000,0x00000000ebc00000)
  to   space 2560K, 0% used [0x00000000ebe00000,0x00000000ebe00000,0x00000000ec080000)
 ParOldGen       total 171008K, used 144886K [0x00000000c0000000, 0x00000000ca700000, 0x00000000eab00000)
  object space 171008K, 84% used [0x00000000c0000000,0x00000000c8d7d828,0x00000000ca700000)
 Metaspace       used 108984K, committed 110400K, reserved 1179648K
  class space    used 10821K, committed 11520K, reserved 1048576K
}
Event: 24182.119 GC heap before
{Heap before GC invocations=5646 (full 108):
 PSYoungGen      total 17408K, used 16960K [0x00000000eab00000, 0x00000000ec080000, 0x0000000100000000)
  eden space 14848K, 100% used [0x00000000eab00000,0x00000000eb980000,0x00000000eb980000)
  from space 2560K, 82% used [0x00000000eb980000,0x00000000ebb90000,0x00000000ebc00000)
  to   space 2560K, 0% used [0x00000000ebe00000,0x00000000ebe00000,0x00000000ec080000)
 ParOldGen       total 171008K, used 144886K [0x00000000c0000000, 0x00000000ca700000, 0x00000000eab00000)
  object space 171008K, 84% used [0x00000000c0000000,0x00000000c8d7d828,0x00000000ca700000)
 Metaspace       used 108984K, committed 110400K, reserved 1179648K
  class space    used 10821K, committed 11520K, reserved 1048576K
}
Event: 24182.121 GC heap after
{Heap after GC invocations=5646 (full 108):
 PSYoungGen      total 17920K, used 948K [0x00000000eab00000, 0x00000000ebf00000, 0x0000000100000000)
  eden space 16896K, 0% used [0x00000000eab00000,0x00000000eab00000,0x00000000ebb80000)
  from space 1024K, 92% used [0x00000000ebe00000,0x00000000ebeed200,0x00000000ebf00000)
  to   space 1536K, 0% used [0x00000000ebc00000,0x00000000ebc00000,0x00000000ebd80000)
 ParOldGen       total 171008K, used 146182K [0x00000000c0000000, 0x00000000ca700000, 0x00000000eab00000)
  object space 171008K, 85% used [0x00000000c0000000,0x00000000c8ec1828,0x00000000ca700000)
 Metaspace       used 108984K, committed 110400K, reserved 1179648K
  class space    used 10821K, committed 11520K, reserved 1048576K
}
Event: 24182.125 GC heap before
{Heap before GC invocations=5647 (full 108):
 PSYoungGen      total 17920K, used 17844K [0x00000000eab00000, 0x00000000ebf00000, 0x0000000100000000)
  eden space 16896K, 100% used [0x00000000eab00000,0x00000000ebb80000,0x00000000ebb80000)
  from space 1024K, 92% used [0x00000000ebe00000,0x00000000ebeed200,0x00000000ebf00000)
  to   space 1536K, 0% used [0x00000000ebc00000,0x00000000ebc00000,0x00000000ebd80000)
 ParOldGen       total 171008K, used 146182K [0x00000000c0000000, 0x00000000ca700000, 0x00000000eab00000)
  object space 171008K, 85% used [0x00000000c0000000,0x00000000c8ec1828,0x00000000ca700000)
 Metaspace       used 108984K, committed 110400K, reserved 1179648K
  class space    used 10821K, committed 11520K, reserved 1048576K
}
Event: 24182.126 GC heap after
{Heap after GC invocations=5647 (full 108):
 PSYoungGen      total 18432K, used 1518K [0x00000000eab00000, 0x00000000ebf00000, 0x0000000100000000)
  eden space 16896K, 0% used [0x00000000eab00000,0x00000000eab00000,0x00000000ebb80000)
  from space 1536K, 98% used [0x00000000ebc00000,0x00000000ebd7bb20,0x00000000ebd80000)
  to   space 1024K, 0% used [0x00000000ebe00000,0x00000000ebe00000,0x00000000ebf00000)
 ParOldGen       total 171008K, used 146815K [0x00000000c0000000, 0x00000000ca700000, 0x00000000eab00000)
  object space 171008K, 85% used [0x00000000c0000000,0x00000000c8f5fc28,0x00000000ca700000)
 Metaspace       used 108984K, committed 110400K, reserved 1179648K
  class space    used 10821K, committed 11520K, reserved 1048576K
}
Event: 24182.135 GC heap before
{Heap before GC invocations=5648 (full 108):
 PSYoungGen      total 18432K, used 18414K [0x00000000eab00000, 0x00000000ebf00000, 0x0000000100000000)
  eden space 16896K, 100% used [0x00000000eab00000,0x00000000ebb80000,0x00000000ebb80000)
  from space 1536K, 98% used [0x00000000ebc00000,0x00000000ebd7bb20,0x00000000ebd80000)
  to   space 1024K, 0% used [0x00000000ebe00000,0x00000000ebe00000,0x00000000ebf00000)
 ParOldGen       total 171008K, used 146815K [0x00000000c0000000, 0x00000000ca700000, 0x00000000eab00000)
  object space 171008K, 85% used [0x00000000c0000000,0x00000000c8f5fc28,0x00000000ca700000)
 Metaspace       used 108984K, committed 110400K, reserved 1179648K
  class space    used 10821K, committed 11520K, reserved 1048576K
}
Event: 24182.136 GC heap after
{Heap after GC invocations=5648 (full 108):
 PSYoungGen      total 18944K, used 980K [0x00000000eab00000, 0x00000000ec080000, 0x0000000100000000)
  eden space 17920K, 0% used [0x00000000eab00000,0x00000000eab00000,0x00000000ebc80000)
  from space 1024K, 95% used [0x00000000ebe00000,0x00000000ebef5200,0x00000000ebf00000)
  to   space 1536K, 0% used [0x00000000ebc80000,0x00000000ebc80000,0x00000000ebe00000)
 ParOldGen       total 171008K, used 147779K [0x00000000c0000000, 0x00000000ca700000, 0x00000000eab00000)
  object space 171008K, 86% used [0x00000000c0000000,0x00000000c9050e48,0x00000000ca700000)
 Metaspace       used 108984K, committed 110400K, reserved 1179648K
  class space    used 10821K, committed 11520K, reserved 1048576K
}
Event: 24182.204 GC heap before
{Heap before GC invocations=5649 (full 108):
 PSYoungGen      total 18944K, used 18900K [0x00000000eab00000, 0x00000000ec080000, 0x0000000100000000)
  eden space 17920K, 100% used [0x00000000eab00000,0x00000000ebc80000,0x00000000ebc80000)
  from space 1024K, 95% used [0x00000000ebe00000,0x00000000ebef5200,0x00000000ebf00000)
  to   space 1536K, 0% used [0x00000000ebc80000,0x00000000ebc80000,0x00000000ebe00000)
 ParOldGen       total 171008K, used 147779K [0x00000000c0000000, 0x00000000ca700000, 0x00000000eab00000)
  object space 171008K, 86% used [0x00000000c0000000,0x00000000c9050e48,0x00000000ca700000)
 Metaspace       used 108984K, committed 110400K, reserved 1179648K
  class space    used 10821K, committed 11520K, reserved 1048576K
}
Event: 24182.205 GC heap after
{Heap after GC invocations=5649 (full 108):
 PSYoungGen      total 19456K, used 570K [0x00000000eab00000, 0x00000000ec080000, 0x0000000100000000)
  eden space 17920K, 0% used [0x00000000eab00000,0x00000000eab00000,0x00000000ebc80000)
  from space 1536K, 37% used [0x00000000ebc80000,0x00000000ebd0e920,0x00000000ebe00000)
  to   space 1024K, 0% used [0x00000000ebf80000,0x00000000ebf80000,0x00000000ec080000)
 ParOldGen       total 171008K, used 148179K [0x00000000c0000000, 0x00000000ca700000, 0x00000000eab00000)
  object space 171008K, 86% used [0x00000000c0000000,0x00000000c90b4e48,0x00000000ca700000)
 Metaspace       used 108984K, committed 110400K, reserved 1179648K
  class space    used 10821K, committed 11520K, reserved 1048576K
}
Event: 24182.211 GC heap before
{Heap before GC invocations=5650 (full 108):
 PSYoungGen      total 19456K, used 18490K [0x00000000eab00000, 0x00000000ec080000, 0x0000000100000000)
  eden space 17920K, 100% used [0x00000000eab00000,0x00000000ebc80000,0x00000000ebc80000)
  from space 1536K, 37% used [0x00000000ebc80000,0x00000000ebd0e920,0x00000000ebe00000)
  to   space 1024K, 0% used [0x00000000ebf80000,0x00000000ebf80000,0x00000000ec080000)
 ParOldGen       total 171008K, used 148179K [0x00000000c0000000, 0x00000000ca700000, 0x00000000eab00000)
  object space 171008K, 86% used [0x00000000c0000000,0x00000000c90b4e48,0x00000000ca700000)
 Metaspace       used 108984K, committed 110400K, reserved 1179648K
  class space    used 10821K, committed 11520K, reserved 1048576K
}
Event: 24182.212 GC heap after
{Heap after GC invocations=5650 (full 108):
 PSYoungGen      total 19456K, used 1021K [0x00000000eab00000, 0x00000000ec380000, 0x0000000100000000)
  eden space 18432K, 0% used [0x00000000eab00000,0x00000000eab00000,0x00000000ebd00000)
  from space 1024K, 99% used [0x00000000ebf80000,0x00000000ec07f660,0x00000000ec080000)
  to   space 2560K, 0% used [0x00000000ebd00000,0x00000000ebd00000,0x00000000ebf80000)
 ParOldGen       total 171008K, used 149353K [0x00000000c0000000, 0x00000000ca700000, 0x00000000eab00000)
  object space 171008K, 87% used [0x00000000c0000000,0x00000000c91da6d8,0x00000000ca700000)
 Metaspace       used 108984K, committed 110400K, reserved 1179648K
  class space    used 10821K, committed 11520K, reserved 1048576K
}
Event: 24182.216 GC heap before
{Heap before GC invocations=5651 (full 108):
 PSYoungGen      total 19456K, used 19453K [0x00000000eab00000, 0x00000000ec380000, 0x0000000100000000)
  eden space 18432K, 100% used [0x00000000eab00000,0x00000000ebd00000,0x00000000ebd00000)
  from space 1024K, 99% used [0x00000000ebf80000,0x00000000ec07f660,0x00000000ec080000)
  to   space 2560K, 0% used [0x00000000ebd00000,0x00000000ebd00000,0x00000000ebf80000)
 ParOldGen       total 171008K, used 149353K [0x00000000c0000000, 0x00000000ca700000, 0x00000000eab00000)
  object space 171008K, 87% used [0x00000000c0000000,0x00000000c91da6d8,0x00000000ca700000)
 Metaspace       used 108985K, committed 110400K, reserved 1179648K
  class space    used 10821K, committed 11520K, reserved 1048576K
}
Event: 24182.218 GC heap after
{Heap after GC invocations=5651 (full 108):
 PSYoungGen      total 20992K, used 1838K [0x00000000eab00000, 0x00000000ec300000, 0x0000000100000000)
  eden space 18432K, 0% used [0x00000000eab00000,0x00000000eab00000,0x00000000ebd00000)
  from space 2560K, 71% used [0x00000000ebd00000,0x00000000ebecbb00,0x00000000ebf80000)
  to   space 2048K, 0% used [0x00000000ec100000,0x00000000ec100000,0x00000000ec300000)
 ParOldGen       total 171008K, used 150407K [0x00000000c0000000, 0x00000000ca700000, 0x00000000eab00000)
  object space 171008K, 87% used [0x00000000c0000000,0x00000000c92e1c38,0x00000000ca700000)
 Metaspace       used 108985K, committed 110400K, reserved 1179648K
  class space    used 10821K, committed 11520K, reserved 1048576K
}
Event: 24182.224 GC heap before
{Heap before GC invocations=5652 (full 108):
 PSYoungGen      total 20992K, used 20270K [0x00000000eab00000, 0x00000000ec300000, 0x0000000100000000)
  eden space 18432K, 100% used [0x00000000eab00000,0x00000000ebd00000,0x00000000ebd00000)
  from space 2560K, 71% used [0x00000000ebd00000,0x00000000ebecbb00,0x00000000ebf80000)
  to   space 2048K, 0% used [0x00000000ec100000,0x00000000ec100000,0x00000000ec300000)
 ParOldGen       total 171008K, used 150407K [0x00000000c0000000, 0x00000000ca700000, 0x00000000eab00000)
  object space 171008K, 87% used [0x00000000c0000000,0x00000000c92e1c38,0x00000000ca700000)
 Metaspace       used 108985K, committed 110400K, reserved 1179648K
  class space    used 10821K, committed 11520K, reserved 1048576K
}
Event: 24182.225 GC heap after
{Heap after GC invocations=5652 (full 108):
 PSYoungGen      total 22528K, used 1413K [0x00000000eab00000, 0x00000000ec300000, 0x0000000100000000)
  eden space 20480K, 0% used [0x00000000eab00000,0x00000000eab00000,0x00000000ebf00000)
  from space 2048K, 69% used [0x00000000ec100000,0x00000000ec2617f0,0x00000000ec300000)
  to   space 2048K, 0% used [0x00000000ebf00000,0x00000000ebf00000,0x00000000ec100000)
 ParOldGen       total 171008K, used 151575K [0x00000000c0000000, 0x00000000ca700000, 0x00000000eab00000)
  object space 171008K, 88% used [0x00000000c0000000,0x00000000c9405c38,0x00000000ca700000)
 Metaspace       used 108985K, committed 110400K, reserved 1179648K
  class space    used 10821K, committed 11520K, reserved 1048576K
}
Event: 24182.242 GC heap before
{Heap before GC invocations=5653 (full 108):
 PSYoungGen      total 22528K, used 21893K [0x00000000eab00000, 0x00000000ec300000, 0x0000000100000000)
  eden space 20480K, 100% used [0x00000000eab00000,0x00000000ebf00000,0x00000000ebf00000)
  from space 2048K, 69% used [0x00000000ec100000,0x00000000ec2617f0,0x00000000ec300000)
  to   space 2048K, 0% used [0x00000000ebf00000,0x00000000ebf00000,0x00000000ec100000)
 ParOldGen       total 171008K, used 151575K [0x00000000c0000000, 0x00000000ca700000, 0x00000000eab00000)
  object space 171008K, 88% used [0x00000000c0000000,0x00000000c9405c38,0x00000000ca700000)
 Metaspace       used 108986K, committed 110400K, reserved 1179648K
  class space    used 10821K, committed 11520K, reserved 1048576K
}
Event: 24182.243 GC heap after
{Heap after GC invocations=5653 (full 108):
 PSYoungGen      total 22528K, used 1599K [0x00000000eab00000, 0x00000000ec500000, 0x0000000100000000)
  eden space 20480K, 0% used [0x00000000eab00000,0x00000000eab00000,0x00000000ebf00000)
  from space 2048K, 78% used [0x00000000ebf00000,0x00000000ec08fc38,0x00000000ec100000)
  to   space 2048K, 0% used [0x00000000ec300000,0x00000000ec300000,0x00000000ec500000)
 ParOldGen       total 171008K, used 152319K [0x00000000c0000000, 0x00000000ca700000, 0x00000000eab00000)
  object space 171008K, 89% used [0x00000000c0000000,0x00000000c94bfc38,0x00000000ca700000)
 Metaspace       used 108986K, committed 110400K, reserved 1179648K
  class space    used 10821K, committed 11520K, reserved 1048576K
}
Event: 24182.250 GC heap before
{Heap before GC invocations=5654 (full 108):
 PSYoungGen      total 22528K, used 22079K [0x00000000eab00000, 0x00000000ec500000, 0x0000000100000000)
  eden space 20480K, 100% used [0x00000000eab00000,0x00000000ebf00000,0x00000000ebf00000)
  from space 2048K, 78% used [0x00000000ebf00000,0x00000000ec08fc38,0x00000000ec100000)
  to   space 2048K, 0% used [0x00000000ec300000,0x00000000ec300000,0x00000000ec500000)
 ParOldGen       total 171008K, used 152319K [0x00000000c0000000, 0x00000000ca700000, 0x00000000eab00000)
  object space 171008K, 89% used [0x00000000c0000000,0x00000000c94bfc38,0x00000000ca700000)
 Metaspace       used 108986K, committed 110400K, reserved 1179648K
  class space    used 10821K, committed 11520K, reserved 1048576K
}
Event: 24182.252 GC heap after
{Heap after GC invocations=5654 (full 108):
 PSYoungGen      total 24576K, used 1917K [0x00000000eab00000, 0x00000000ec500000, 0x0000000100000000)
  eden space 22528K, 0% used [0x00000000eab00000,0x00000000eab00000,0x00000000ec100000)
  from space 2048K, 93% used [0x00000000ec300000,0x00000000ec4df6a0,0x00000000ec500000)
  to   space 2048K, 0% used [0x00000000ec100000,0x00000000ec100000,0x00000000ec300000)
 ParOldGen       total 171008K, used 152319K [0x00000000c0000000, 0x00000000ca700000, 0x00000000eab00000)
  object space 171008K, 89% used [0x00000000c0000000,0x00000000c94bfc38,0x00000000ca700000)
 Metaspace       used 108986K, committed 110400K, reserved 1179648K
  class space    used 10821K, committed 11520K, reserved 1048576K
}

