# JRE version: OpenJDK Runtime Environment Temurin-17.0.13+11 (17.0.13+11) (build 17.0.13+11)
# Java VM: OpenJDK 64-Bit Server VM Temurin-17.0.13+11 (17.0.13+11, mixed mode, tiered, compressed oops, compressed class ptrs, parallel gc, windows-amd64)
GC Precious Log:
 CPUs: 16 total, 16 available
 Memory: 16236M
 Large Page Support: Disabled
 NUMA Support: Disabled
 Compressed Oops: Enabled (32-bit)
 Alignments: Space 512K, Generation 512K, Heap 2M
 Heap Min Capacity: 100M
 Heap Initial Capacity: 100M
 Heap Max Capacity: 1G
 Pre-touch: Disabled
 Parallel Workers: 13
Heap:
 PSYoungGen      total 4608K, used 2427K [0x00000000eab00000, 0x00000000eb080000, 0x0000000100000000)
  eden space 3584K, 51% used [0x00000000eab00000,0x00000000eaccee98,0x00000000eae80000)
  from space 1024K, 56% used [0x00000000eaf80000,0x00000000eb010000,0x00000000eb080000)
  to   space 1024K, 0% used [0x00000000eae80000,0x00000000eae80000,0x00000000eaf80000)
 ParOldGen       total 266752K, used 221075K [0x00000000c0000000, 0x00000000d0480000, 0x00000000eab00000)
  object space 266752K, 82% used [0x00000000c0000000,0x00000000cd7e4c90,0x00000000d0480000)
 Metaspace       used 93845K, committed 95232K, reserved 1179648K
  class space    used 9569K, committed 10176K, reserved 1048576K
GC Heap History (20 events):
Event: 109.814 GC heap before
{Heap before GC invocations=587 (full 17):
 PSYoungGen      total 3072K, used 3040K [0x00000000eab00000, 0x00000000eaf80000, 0x0000000100000000)
  eden space 2560K, 100% used [0x00000000eab00000,0x00000000ead80000,0x00000000ead80000)
  from space 512K, 93% used [0x00000000eaf00000,0x00000000eaf78020,0x00000000eaf80000)
  to   space 1024K, 0% used [0x00000000ead80000,0x00000000ead80000,0x00000000eae80000)
 ParOldGen       total 266752K, used 217219K [0x00000000c0000000, 0x00000000d0480000, 0x00000000eab00000)
  object space 266752K, 81% used [0x00000000c0000000,0x00000000cd420e00,0x00000000d0480000)
 Metaspace       used 93829K, committed 95232K, reserved 1179648K
  class space    used 9569K, committed 10176K, reserved 1048576K
}
Event: 109.815 GC heap after
{Heap after GC invocations=587 (full 17):
 PSYoungGen      total 3584K, used 464K [0x00000000eab00000, 0x00000000eb000000, 0x0000000100000000)
  eden space 2560K, 0% used [0x00000000eab00000,0x00000000eab00000,0x00000000ead80000)
  from space 1024K, 45% used [0x00000000ead80000,0x00000000eadf4010,0x00000000eae80000)
  to   space 1024K, 0% used [0x00000000eaf00000,0x00000000eaf00000,0x00000000eb000000)
 ParOldGen       total 266752K, used 217587K [0x00000000c0000000, 0x00000000d0480000, 0x00000000eab00000)
  object space 266752K, 81% used [0x00000000c0000000,0x00000000cd47ce20,0x00000000d0480000)
 Metaspace       used 93829K, committed 95232K, reserved 1179648K
  class space    used 9569K, committed 10176K, reserved 1048576K
}
Event: 109.822 GC heap before
{Heap before GC invocations=588 (full 17):
 PSYoungGen      total 3584K, used 3024K [0x00000000eab00000, 0x00000000eb000000, 0x0000000100000000)
  eden space 2560K, 100% used [0x00000000eab00000,0x00000000ead80000,0x00000000ead80000)
  from space 1024K, 45% used [0x00000000ead80000,0x00000000eadf4010,0x00000000eae80000)
  to   space 1024K, 0% used [0x00000000eaf00000,0x00000000eaf00000,0x00000000eb000000)
 ParOldGen       total 266752K, used 217587K [0x00000000c0000000, 0x00000000d0480000, 0x00000000eab00000)
  object space 266752K, 81% used [0x00000000c0000000,0x00000000cd47ce20,0x00000000d0480000)
 Metaspace       used 93829K, committed 95232K, reserved 1179648K
  class space    used 9569K, committed 10176K, reserved 1048576K
}
Event: 109.823 GC heap after
{Heap after GC invocations=588 (full 17):
 PSYoungGen      total 3584K, used 682K [0x00000000eab00000, 0x00000000eb000000, 0x0000000100000000)
  eden space 2560K, 0% used [0x00000000eab00000,0x00000000eab00000,0x00000000ead80000)
  from space 1024K, 66% used [0x00000000eaf00000,0x00000000eafaa910,0x00000000eb000000)
  to   space 1024K, 0% used [0x00000000ead80000,0x00000000ead80000,0x00000000eae80000)
 ParOldGen       total 266752K, used 217859K [0x00000000c0000000, 0x00000000d0480000, 0x00000000eab00000)
  object space 266752K, 81% used [0x00000000c0000000,0x00000000cd4c0e40,0x00000000d0480000)
 Metaspace       used 93829K, committed 95232K, reserved 1179648K
  class space    used 9569K, committed 10176K, reserved 1048576K
}
Event: 109.827 GC heap before
{Heap before GC invocations=589 (full 17):
 PSYoungGen      total 3584K, used 3242K [0x00000000eab00000, 0x00000000eb000000, 0x0000000100000000)
  eden space 2560K, 100% used [0x00000000eab00000,0x00000000ead80000,0x00000000ead80000)
  from space 1024K, 66% used [0x00000000eaf00000,0x00000000eafaa910,0x00000000eb000000)
  to   space 1024K, 0% used [0x00000000ead80000,0x00000000ead80000,0x00000000eae80000)
 ParOldGen       total 266752K, used 217859K [0x00000000c0000000, 0x00000000d0480000, 0x00000000eab00000)
  object space 266752K, 81% used [0x00000000c0000000,0x00000000cd4c0e40,0x00000000d0480000)
 Metaspace       used 93829K, committed 95232K, reserved 1179648K
  class space    used 9569K, committed 10176K, reserved 1048576K
}
Event: 109.828 GC heap after
{Heap after GC invocations=589 (full 17):
 PSYoungGen      total 3584K, used 480K [0x00000000eab00000, 0x00000000eaf80000, 0x0000000100000000)
  eden space 2560K, 0% used [0x00000000eab00000,0x00000000eab00000,0x00000000ead80000)
  from space 1024K, 46% used [0x00000000ead80000,0x00000000eadf8000,0x00000000eae80000)
  to   space 1024K, 0% used [0x00000000eae80000,0x00000000eae80000,0x00000000eaf80000)
 ParOldGen       total 266752K, used 218357K [0x00000000c0000000, 0x00000000d0480000, 0x00000000eab00000)
  object space 266752K, 81% used [0x00000000c0000000,0x00000000cd53d5e0,0x00000000d0480000)
 Metaspace       used 93829K, committed 95232K, reserved 1179648K
  class space    used 9569K, committed 10176K, reserved 1048576K
}
Event: 109.830 GC heap before
{Heap before GC invocations=590 (full 17):
 PSYoungGen      total 3584K, used 3040K [0x00000000eab00000, 0x00000000eaf80000, 0x0000000100000000)
  eden space 2560K, 100% used [0x00000000eab00000,0x00000000ead80000,0x00000000ead80000)
  from space 1024K, 46% used [0x00000000ead80000,0x00000000eadf8000,0x00000000eae80000)
  to   space 1024K, 0% used [0x00000000eae80000,0x00000000eae80000,0x00000000eaf80000)
 ParOldGen       total 266752K, used 218357K [0x00000000c0000000, 0x00000000d0480000, 0x00000000eab00000)
  object space 266752K, 81% used [0x00000000c0000000,0x00000000cd53d5e0,0x00000000d0480000)
 Metaspace       used 93829K, committed 95232K, reserved 1179648K
  class space    used 9569K, committed 10176K, reserved 1048576K
}
Event: 109.831 GC heap after
{Heap after GC invocations=590 (full 17):
 PSYoungGen      total 3584K, used 368K [0x00000000eab00000, 0x00000000eaf00000, 0x0000000100000000)
  eden space 3072K, 0% used [0x00000000eab00000,0x00000000eab00000,0x00000000eae00000)
  from space 512K, 71% used [0x00000000eae80000,0x00000000eaedc010,0x00000000eaf00000)
  to   space 512K, 0% used [0x00000000eae00000,0x00000000eae00000,0x00000000eae80000)
 ParOldGen       total 266752K, used 218749K [0x00000000c0000000, 0x00000000d0480000, 0x00000000eab00000)
  object space 266752K, 82% used [0x00000000c0000000,0x00000000cd59f600,0x00000000d0480000)
 Metaspace       used 93829K, committed 95232K, reserved 1179648K
  class space    used 9569K, committed 10176K, reserved 1048576K
}
Event: 109.834 GC heap before
{Heap before GC invocations=591 (full 17):
 PSYoungGen      total 3584K, used 3440K [0x00000000eab00000, 0x00000000eaf00000, 0x0000000100000000)
  eden space 3072K, 100% used [0x00000000eab00000,0x00000000eae00000,0x00000000eae00000)
  from space 512K, 71% used [0x00000000eae80000,0x00000000eaedc010,0x00000000eaf00000)
  to   space 512K, 0% used [0x00000000eae00000,0x00000000eae00000,0x00000000eae80000)
 ParOldGen       total 266752K, used 218749K [0x00000000c0000000, 0x00000000d0480000, 0x00000000eab00000)
  object space 266752K, 82% used [0x00000000c0000000,0x00000000cd59f600,0x00000000d0480000)
 Metaspace       used 93829K, committed 95232K, reserved 1179648K
  class space    used 9569K, committed 10176K, reserved 1048576K
}
Event: 109.835 GC heap after
{Heap after GC invocations=591 (full 17):
 PSYoungGen      total 3584K, used 448K [0x00000000eab00000, 0x00000000eb000000, 0x0000000100000000)
  eden space 3072K, 0% used [0x00000000eab00000,0x00000000eab00000,0x00000000eae00000)
  from space 512K, 87% used [0x00000000eae00000,0x00000000eae70000,0x00000000eae80000)
  to   space 512K, 0% used [0x00000000eaf80000,0x00000000eaf80000,0x00000000eb000000)
 ParOldGen       total 266752K, used 218981K [0x00000000c0000000, 0x00000000d0480000, 0x00000000eab00000)
  object space 266752K, 82% used [0x00000000c0000000,0x00000000cd5d9620,0x00000000d0480000)
 Metaspace       used 93829K, committed 95232K, reserved 1179648K
  class space    used 9569K, committed 10176K, reserved 1048576K
}
Event: 109.839 GC heap before
{Heap before GC invocations=592 (full 17):
 PSYoungGen      total 3584K, used 3520K [0x00000000eab00000, 0x00000000eb000000, 0x0000000100000000)
  eden space 3072K, 100% used [0x00000000eab00000,0x00000000eae00000,0x00000000eae00000)
  from space 512K, 87% used [0x00000000eae00000,0x00000000eae70000,0x00000000eae80000)
  to   space 512K, 0% used [0x00000000eaf80000,0x00000000eaf80000,0x00000000eb000000)
 ParOldGen       total 266752K, used 218981K [0x00000000c0000000, 0x00000000d0480000, 0x00000000eab00000)
  object space 266752K, 82% used [0x00000000c0000000,0x00000000cd5d9620,0x00000000d0480000)
 Metaspace       used 93829K, committed 95232K, reserved 1179648K
  class space    used 9569K, committed 10176K, reserved 1048576K
}
Event: 109.840 GC heap after
{Heap after GC invocations=592 (full 17):
 PSYoungGen      total 4096K, used 512K [0x00000000eab00000, 0x00000000eb100000, 0x0000000100000000)
  eden space 3584K, 0% used [0x00000000eab00000,0x00000000eab00000,0x00000000eae80000)
  from space 512K, 100% used [0x00000000eaf80000,0x00000000eb000000,0x00000000eb000000)
  to   space 1024K, 0% used [0x00000000eae80000,0x00000000eae80000,0x00000000eaf80000)
 ParOldGen       total 266752K, used 219221K [0x00000000c0000000, 0x00000000d0480000, 0x00000000eab00000)
  object space 266752K, 82% used [0x00000000c0000000,0x00000000cd615640,0x00000000d0480000)
 Metaspace       used 93829K, committed 95232K, reserved 1179648K
  class space    used 9569K, committed 10176K, reserved 1048576K
}
Event: 109.851 GC heap before
{Heap before GC invocations=593 (full 17):
 PSYoungGen      total 4096K, used 4096K [0x00000000eab00000, 0x00000000eb100000, 0x0000000100000000)
  eden space 3584K, 100% used [0x00000000eab00000,0x00000000eae80000,0x00000000eae80000)
  from space 512K, 100% used [0x00000000eaf80000,0x00000000eb000000,0x00000000eb000000)
  to   space 1024K, 0% used [0x00000000eae80000,0x00000000eae80000,0x00000000eaf80000)
 ParOldGen       total 266752K, used 219221K [0x00000000c0000000, 0x00000000d0480000, 0x00000000eab00000)
  object space 266752K, 82% used [0x00000000c0000000,0x00000000cd615640,0x00000000d0480000)
 Metaspace       used 93844K, committed 95232K, reserved 1179648K
  class space    used 9569K, committed 10176K, reserved 1048576K
}
Event: 109.852 GC heap after
{Heap after GC invocations=593 (full 17):
 PSYoungGen      total 4608K, used 863K [0x00000000eab00000, 0x00000000eb080000, 0x0000000100000000)
  eden space 3584K, 0% used [0x00000000eab00000,0x00000000eab00000,0x00000000eae80000)
  from space 1024K, 84% used [0x00000000eae80000,0x00000000eaf57e90,0x00000000eaf80000)
  to   space 1024K, 0% used [0x00000000eaf80000,0x00000000eaf80000,0x00000000eb080000)
 ParOldGen       total 266752K, used 219605K [0x00000000c0000000, 0x00000000d0480000, 0x00000000eab00000)
  object space 266752K, 82% used [0x00000000c0000000,0x00000000cd675660,0x00000000d0480000)
 Metaspace       used 93844K, committed 95232K, reserved 1179648K
  class space    used 9569K, committed 10176K, reserved 1048576K
}
Event: 109.856 GC heap before
{Heap before GC invocations=594 (full 17):
 PSYoungGen      total 4608K, used 4447K [0x00000000eab00000, 0x00000000eb080000, 0x0000000100000000)
  eden space 3584K, 100% used [0x00000000eab00000,0x00000000eae80000,0x00000000eae80000)
  from space 1024K, 84% used [0x00000000eae80000,0x00000000eaf57e90,0x00000000eaf80000)
  to   space 1024K, 0% used [0x00000000eaf80000,0x00000000eaf80000,0x00000000eb080000)
 ParOldGen       total 266752K, used 219605K [0x00000000c0000000, 0x00000000d0480000, 0x00000000eab00000)
  object space 266752K, 82% used [0x00000000c0000000,0x00000000cd675660,0x00000000d0480000)
 Metaspace       used 93844K, committed 95232K, reserved 1179648K
  class space    used 9569K, committed 10176K, reserved 1048576K
}
Event: 109.857 GC heap after
{Heap after GC invocations=594 (full 17):
 PSYoungGen      total 4608K, used 576K [0x00000000eab00000, 0x00000000eb180000, 0x0000000100000000)
  eden space 3584K, 0% used [0x00000000eab00000,0x00000000eab00000,0x00000000eae80000)
  from space 1024K, 56% used [0x00000000eaf80000,0x00000000eb010000,0x00000000eb080000)
  to   space 1024K, 0% used [0x00000000eae80000,0x00000000eae80000,0x00000000eaf80000)
 ParOldGen       total 266752K, used 220331K [0x00000000c0000000, 0x00000000d0480000, 0x00000000eab00000)
  object space 266752K, 82% used [0x00000000c0000000,0x00000000cd72ac30,0x00000000d0480000)
 Metaspace       used 93844K, committed 95232K, reserved 1179648K
  class space    used 9569K, committed 10176K, reserved 1048576K
}
Event: 109.862 GC heap before
{Heap before GC invocations=595 (full 17):
 PSYoungGen      total 4608K, used 4160K [0x00000000eab00000, 0x00000000eb180000, 0x0000000100000000)
  eden space 3584K, 100% used [0x00000000eab00000,0x00000000eae80000,0x00000000eae80000)
  from space 1024K, 56% used [0x00000000eaf80000,0x00000000eb010000,0x00000000eb080000)
  to   space 1024K, 0% used [0x00000000eae80000,0x00000000eae80000,0x00000000eaf80000)
 ParOldGen       total 266752K, used 220331K [0x00000000c0000000, 0x00000000d0480000, 0x00000000eab00000)
  object space 266752K, 82% used [0x00000000c0000000,0x00000000cd72ac30,0x00000000d0480000)
 Metaspace       used 93845K, committed 95232K, reserved 1179648K
  class space    used 9569K, committed 10176K, reserved 1048576K
}
Event: 109.863 GC heap after
{Heap after GC invocations=595 (full 17):
 PSYoungGen      total 4608K, used 560K [0x00000000eab00000, 0x00000000eb080000, 0x0000000100000000)
  eden space 3584K, 0% used [0x00000000eab00000,0x00000000eab00000,0x00000000eae80000)
  from space 1024K, 54% used [0x00000000eae80000,0x00000000eaf0c010,0x00000000eaf80000)
  to   space 1024K, 0% used [0x00000000eaf80000,0x00000000eaf80000,0x00000000eb080000)
 ParOldGen       total 266752K, used 220715K [0x00000000c0000000, 0x00000000d0480000, 0x00000000eab00000)
  object space 266752K, 82% used [0x00000000c0000000,0x00000000cd78ac50,0x00000000d0480000)
 Metaspace       used 93845K, committed 95232K, reserved 1179648K
  class space    used 9569K, committed 10176K, reserved 1048576K
}
Event: 109.869 GC heap before
{Heap before GC invocations=596 (full 17):
 PSYoungGen      total 4608K, used 4144K [0x00000000eab00000, 0x00000000eb080000, 0x0000000100000000)
  eden space 3584K, 100% used [0x00000000eab00000,0x00000000eae80000,0x00000000eae80000)
  from space 1024K, 54% used [0x00000000eae80000,0x00000000eaf0c010,0x00000000eaf80000)
  to   space 1024K, 0% used [0x00000000eaf80000,0x00000000eaf80000,0x00000000eb080000)
 ParOldGen       total 266752K, used 220715K [0x00000000c0000000, 0x00000000d0480000, 0x00000000eab00000)
  object space 266752K, 82% used [0x00000000c0000000,0x00000000cd78ac50,0x00000000d0480000)
 Metaspace       used 93845K, committed 95232K, reserved 1179648K
  class space    used 9569K, committed 10176K, reserved 1048576K
}
Event: 109.870 GC heap after
{Heap after GC invocations=596 (full 17):
 PSYoungGen      total 4608K, used 576K [0x00000000eab00000, 0x00000000eb080000, 0x0000000100000000)
  eden space 3584K, 0% used [0x00000000eab00000,0x00000000eab00000,0x00000000eae80000)
  from space 1024K, 56% used [0x00000000eaf80000,0x00000000eb010000,0x00000000eb080000)
  to   space 1024K, 0% used [0x00000000eae80000,0x00000000eae80000,0x00000000eaf80000)
 ParOldGen       total 266752K, used 221075K [0x00000000c0000000, 0x00000000d0480000, 0x00000000eab00000)
  object space 266752K, 82% used [0x00000000c0000000,0x00000000cd7e4c90,0x00000000d0480000)
 Metaspace       used 93845K, committed 95232K, reserved 1179648K
  class space    used 9569K, committed 10176K, reserved 1048576K
}

