# JRE version: Java(TM) SE Runtime Environment (17.0.9+11) (build 17.0.9+11-LTS-201)
# Java VM: Java HotSpot(TM) 64-Bit Server VM (17.0.9+11-LTS-201, mixed mode, sharing, tiered, compressed oops, compressed class ptrs, g1 gc, windows-amd64)
GC Precious Log:
 CPUs: 16 total, 16 available
 Memory: 16236M
 Large Page Support: Disabled
 NUMA Support: Disabled
 Compressed Oops: Enabled (Zero based)
 Heap Region Size: 2M
 Heap Min Capacity: 8M
 Heap Initial Capacity: 254M
 Heap Max Capacity: 4060M
 Pre-touch: Disabled
 Parallel Workers: 13
 Concurrent Workers: 3
 Concurrent Refinement Workers: 13
 Periodic GC: Disabled
Heap:
 garbage-first heap   total 90112K, used 55333K [0x0000000702400000, 0x0000000800000000)
  region size 2048K, 18 young (36864K), 2 survivors (4096K)
 Metaspace       used 51609K, committed 52096K, reserved 1114112K
  class space    used 6677K, committed 6912K, reserved 1048576K
GC Heap History (16 events):
Event: 0.513 GC heap before
{Heap before GC invocations=0 (full 0):
 garbage-first heap   total 260096K, used 20480K [0x0000000702400000, 0x0000000800000000)
  region size 2048K, 11 young (22528K), 0 survivors (0K)
 Metaspace       used 7486K, committed 7680K, reserved 1114112K
  class space    used 852K, committed 960K, reserved 1048576K
}
Event: 0.517 GC heap after
{Heap after GC invocations=1 (full 0):
 garbage-first heap   total 260096K, used 7972K [0x0000000702400000, 0x0000000800000000)
  region size 2048K, 2 young (4096K), 2 survivors (4096K)
 Metaspace       used 7486K, committed 7680K, reserved 1114112K
  class space    used 852K, committed 960K, reserved 1048576K
}
Event: 0.797 GC heap before
{Heap before GC invocations=1 (full 0):
 garbage-first heap   total 260096K, used 30500K [0x0000000702400000, 0x0000000800000000)
  region size 2048K, 13 young (26624K), 2 survivors (4096K)
 Metaspace       used 12056K, committed 12352K, reserved 1114112K
  class space    used 1491K, committed 1600K, reserved 1048576K
}
Event: 0.800 GC heap after
{Heap after GC invocations=2 (full 0):
 garbage-first heap   total 260096K, used 9603K [0x0000000702400000, 0x0000000800000000)
  region size 2048K, 1 young (2048K), 1 survivors (2048K)
 Metaspace       used 12056K, committed 12352K, reserved 1114112K
  class space    used 1491K, committed 1600K, reserved 1048576K
}
Event: 1.161 GC heap before
{Heap before GC invocations=2 (full 0):
 garbage-first heap   total 260096K, used 52611K [0x0000000702400000, 0x0000000800000000)
  region size 2048K, 23 young (47104K), 1 survivors (2048K)
 Metaspace       used 21233K, committed 21504K, reserved 1114112K
  class space    used 2589K, committed 2752K, reserved 1048576K
}
Event: 1.164 GC heap after
{Heap after GC invocations=3 (full 0):
 garbage-first heap   total 260096K, used 13084K [0x0000000702400000, 0x0000000800000000)
  region size 2048K, 3 young (6144K), 3 survivors (6144K)
 Metaspace       used 21233K, committed 21504K, reserved 1114112K
  class space    used 2589K, committed 2752K, reserved 1048576K
}
Event: 1.554 GC heap before
{Heap before GC invocations=4 (full 0):
 garbage-first heap   total 55296K, used 39708K [0x0000000702400000, 0x0000000800000000)
  region size 2048K, 16 young (32768K), 3 survivors (6144K)
 Metaspace       used 22870K, committed 23232K, reserved 1114112K
  class space    used 2798K, committed 2944K, reserved 1048576K
}
Event: 1.559 GC heap after
{Heap after GC invocations=5 (full 0):
 garbage-first heap   total 55296K, used 15673K [0x0000000702400000, 0x0000000800000000)
  region size 2048K, 2 young (4096K), 2 survivors (4096K)
 Metaspace       used 22870K, committed 23232K, reserved 1114112K
  class space    used 2798K, committed 2944K, reserved 1048576K
}
Event: 1.585 GC heap before
{Heap before GC invocations=5 (full 0):
 garbage-first heap   total 55296K, used 17721K [0x0000000702400000, 0x0000000800000000)
  region size 2048K, 3 young (6144K), 2 survivors (4096K)
 Metaspace       used 22936K, committed 23296K, reserved 1114112K
  class space    used 2807K, committed 3008K, reserved 1048576K
}
Event: 1.589 GC heap after
{Heap after GC invocations=6 (full 0):
 garbage-first heap   total 55296K, used 15866K [0x0000000702400000, 0x0000000800000000)
  region size 2048K, 1 young (2048K), 1 survivors (2048K)
 Metaspace       used 22936K, committed 23296K, reserved 1114112K
  class space    used 2807K, committed 3008K, reserved 1048576K
}
Event: 1.855 GC heap before
{Heap before GC invocations=6 (full 0):
 garbage-first heap   total 55296K, used 34298K [0x0000000702400000, 0x0000000800000000)
  region size 2048K, 10 young (20480K), 1 survivors (2048K)
 Metaspace       used 25105K, committed 25472K, reserved 1114112K
  class space    used 3109K, committed 3264K, reserved 1048576K
}
Event: 1.857 GC heap after
{Heap after GC invocations=7 (full 0):
 garbage-first heap   total 157696K, used 16847K [0x0000000702400000, 0x0000000800000000)
  region size 2048K, 1 young (2048K), 1 survivors (2048K)
 Metaspace       used 25105K, committed 25472K, reserved 1114112K
  class space    used 3109K, committed 3264K, reserved 1048576K
}
Event: 2.921 GC heap before
{Heap before GC invocations=7 (full 0):
 garbage-first heap   total 157696K, used 84431K [0x0000000702400000, 0x0000000800000000)
  region size 2048K, 35 young (71680K), 1 survivors (2048K)
 Metaspace       used 35584K, committed 35968K, reserved 1114112K
  class space    used 4468K, committed 4672K, reserved 1048576K
}
Event: 2.927 GC heap after
{Heap after GC invocations=8 (full 0):
 garbage-first heap   total 157696K, used 22072K [0x0000000702400000, 0x0000000800000000)
  region size 2048K, 4 young (8192K), 4 survivors (8192K)
 Metaspace       used 35584K, committed 35968K, reserved 1114112K
  class space    used 4468K, committed 4672K, reserved 1048576K
}
Event: 3.641 GC heap before
{Heap before GC invocations=9 (full 0):
 garbage-first heap   total 90112K, used 67128K [0x0000000702400000, 0x0000000800000000)
  region size 2048K, 26 young (53248K), 4 survivors (8192K)
 Metaspace       used 41679K, committed 42112K, reserved 1114112K
  class space    used 5358K, committed 5568K, reserved 1048576K
}
Event: 3.646 GC heap after
{Heap after GC invocations=10 (full 0):
 garbage-first heap   total 90112K, used 24613K [0x0000000702400000, 0x0000000800000000)
  region size 2048K, 2 young (4096K), 2 survivors (4096K)
 Metaspace       used 41679K, committed 42112K, reserved 1114112K
  class space    used 5358K, committed 5568K, reserved 1048576K
}

